[2018-09-26T12:28:46.921] [TRACE] default - app listening at 8080
[2018-09-26T12:30:00.814] [TRACE] default - app listening at 8080
[2018-09-26T12:30:44.892] [TRACE] default - app listening at 8080
[2018-09-26T16:16:23.348] [TRACE] default - app listening at 8080
[2018-09-26T16:20:12.831] [TRACE] default - app listening at 8080
[2018-09-26T16:20:16.153] [ERROR] default - { message: 'password bad format', code: 409 }
[2018-09-26T16:20:26.005] [ERROR] default - { message: 'password bad format', code: 409 }
[2018-09-26T16:20:36.950] [ERROR] default - TypeError: this.findByEmail is not a function
    at Object.exports.add (/Users/fabien/Documents/Cours/M2 - III/Web/M2_III_Web/back/src/services/users.service.js:40:39)
    at /Users/fabien/Documents/Cours/M2 - III/Web/M2_III_Web/back/src/paths/users.path.js:44:41
    at Layer.handle [as handle_request] (/Users/fabien/Documents/Cours/M2 - III/Web/M2_III_Web/back/node_modules/express/lib/router/layer.js:95:5)
    at next (/Users/fabien/Documents/Cours/M2 - III/Web/M2_III_Web/back/node_modules/express/lib/router/route.js:137:13)
    at Route.dispatch (/Users/fabien/Documents/Cours/M2 - III/Web/M2_III_Web/back/node_modules/express/lib/router/route.js:112:3)
    at Layer.handle [as handle_request] (/Users/fabien/Documents/Cours/M2 - III/Web/M2_III_Web/back/node_modules/express/lib/router/layer.js:95:5)
    at /Users/fabien/Documents/Cours/M2 - III/Web/M2_III_Web/back/node_modules/express/lib/router/index.js:281:22
    at Function.process_params (/Users/fabien/Documents/Cours/M2 - III/Web/M2_III_Web/back/node_modules/express/lib/router/index.js:335:12)
    at next (/Users/fabien/Documents/Cours/M2 - III/Web/M2_III_Web/back/node_modules/express/lib/router/index.js:275:10)
    at Function.handle (/Users/fabien/Documents/Cours/M2 - III/Web/M2_III_Web/back/node_modules/express/lib/router/index.js:174:3)
[2018-09-26T16:46:18.342] [TRACE] default - app listening at 8080
[2018-09-26T16:46:21.184] [ERROR] default - { error: password authentication failed for user "user"
    at Connection.parseE (/Users/fabien/Documents/Cours/M2 - III/Web/M2_III_Web/back/node_modules/pg/lib/connection.js:553:11)
    at Connection.parseMessage (/Users/fabien/Documents/Cours/M2 - III/Web/M2_III_Web/back/node_modules/pg/lib/connection.js:378:19)
    at Socket.<anonymous> (/Users/fabien/Documents/Cours/M2 - III/Web/M2_III_Web/back/node_modules/pg/lib/connection.js:119:22)
    at Socket.emit (events.js:182:13)
    at addChunk (_stream_readable.js:283:12)
    at readableAddChunk (_stream_readable.js:264:11)
    at Socket.Readable.push (_stream_readable.js:219:10)
    at TCP.onStreamRead [as onread] (internal/stream_base_commons.js:94:17)
  name: 'error',
  length: 100,
  severity: 'FATAL',
  code: '28P01',
  detail: undefined,
  hint: undefined,
  position: undefined,
  internalPosition: undefined,
  internalQuery: undefined,
  where: undefined,
  schema: undefined,
  table: undefined,
  column: undefined,
  dataType: undefined,
  constraint: undefined,
  file: 'auth.c',
  line: '328',
  routine: 'auth_failed' }
[2018-09-26T16:46:21.185] [ERROR] default - { message: 'Internal DataBase Error', code: 500 }
[2018-09-26T16:46:47.415] [TRACE] default - app listening at 8080
[2018-09-26T16:46:51.592] [ERROR] default - { message: 'email exist', code: 409 }
[2018-09-26T16:46:57.975] [ERROR] default - { message: 'email exist', code: 409 }
[2018-09-26T16:49:06.565] [TRACE] default - app listening at 8080
[2018-09-26T16:49:09.692] [ERROR] default - TypeError: isEmailExist.first is not a function
    at Object.exports.add (/Users/fabien/Documents/Cours/M2 - III/Web/M2_III_Web/back/src/services/users.service.js:56:26)
    at process._tickCallback (internal/process/next_tick.js:68:7)
[2018-09-26T16:49:45.858] [TRACE] default - app listening at 8080
[2018-09-26T16:49:48.547] [ERROR] default - { message: 'Internal Error', code: 500 }
[2018-09-26T16:50:34.545] [TRACE] default - app listening at 8080
[2018-09-26T16:50:38.908] [ERROR] default - TypeError: isEmailExist.first is not a function
    at Object.exports.add (/Users/fabien/Documents/Cours/M2 - III/Web/M2_III_Web/back/src/services/users.service.js:62:26)
    at process._tickCallback (internal/process/next_tick.js:68:7)
[2018-09-26T16:50:38.909] [ERROR] default - { message: 'Internal Error', code: 500 }
[2018-09-26T16:52:41.018] [TRACE] default - app listening at 8080
[2018-09-26T16:52:59.415] [ERROR] default - { message: 'email exist', code: 409 }
[2018-09-26T16:52:59.416] [ERROR] default - { message: 'Internal Error', code: 500 }
[2018-09-26T16:54:36.030] [TRACE] default - app listening at 8080
[2018-09-26T16:54:39.253] [ERROR] default - { message: 'email exist', code: 409 }
[2018-09-26T16:54:39.253] [ERROR] default - { message: 'email exist', code: 409 }
[2018-09-26T16:54:41.397] [ERROR] default - { message: 'email exist', code: 409 }
[2018-09-26T16:54:41.397] [ERROR] default - { message: 'email exist', code: 409 }
[2018-09-26T16:54:41.927] [ERROR] default - { message: 'email exist', code: 409 }
[2018-09-26T16:54:41.928] [ERROR] default - { message: 'email exist', code: 409 }
[2018-09-26T16:54:50.869] [ERROR] default - { message: 'password bad format', code: 409 }
[2018-09-26T16:54:50.869] [ERROR] default - { message: 'password bad format', code: 409 }
[2018-09-26T17:04:16.030] [TRACE] default - app listening at 8080
[2018-09-26T17:04:25.051] [ERROR] default - { message: 'Missing param(s)', code: 409 }
[2018-09-26T17:04:26.501] [ERROR] default - { message: 'Missing param(s)', code: 409 }
[2018-09-26T17:04:27.838] [ERROR] default - { message: 'Missing param(s)', code: 409 }
[2018-09-26T20:55:05.879] [TRACE] default - app listening at 8080
[2018-09-26T20:56:11.263] [TRACE] default - app listening at 8080
[2018-09-26T20:58:49.734] [TRACE] default - app listening at 8080
[2018-09-27T09:34:38.871] [TRACE] default - app listening at 8080
[2018-09-27T09:35:09.234] [ERROR] default - { message: 'admin empty or null', code: 409 }
[2018-09-27T09:35:09.236] [ERROR] default - { message: 'admin empty or null', code: 409 }
[2018-09-27T09:35:15.332] [ERROR] default - { message: 'admin is not boolean', code: 409 }
[2018-09-27T09:35:15.332] [ERROR] default - { message: 'admin is not boolean', code: 409 }
[2018-09-27T09:35:26.044] [ERROR] default - { message: 'admin empty or null', code: 409 }
[2018-09-27T09:35:26.045] [ERROR] default - { message: 'admin empty or null', code: 409 }
[2018-09-27T09:35:47.580] [ERROR] default - { message: 'admin empty or null', code: 409 }
[2018-09-27T09:35:47.580] [ERROR] default - { message: 'admin empty or null', code: 409 }
[2018-09-27T09:36:05.008] [ERROR] default - { message: 'admin empty or null', code: 409 }
[2018-09-27T09:36:05.008] [ERROR] default - { message: 'admin empty or null', code: 409 }
[2018-09-27T09:36:46.442] [ERROR] default - { message: 'admin empty or null', code: 409 }
[2018-09-27T09:36:46.442] [ERROR] default - { message: 'admin empty or null', code: 409 }
[2018-09-27T09:37:27.861] [TRACE] default - app listening at 8080
[2018-09-27T09:37:31.207] [DEBUG] default - true
[2018-09-27T09:37:31.208] [ERROR] default - { message: 'admin empty or null', code: 409 }
[2018-09-27T09:37:31.209] [ERROR] default - { message: 'admin empty or null', code: 409 }
[2018-09-27T09:38:34.393] [TRACE] default - app listening at 8080
[2018-09-27T09:38:37.591] [DEBUG] default - true
[2018-09-27T09:38:37.592] [ERROR] default - { message: 'admin empty or null', code: 409 }
[2018-09-27T09:38:37.595] [ERROR] default - { message: 'admin empty or null', code: 409 }
[2018-09-27T09:39:40.797] [TRACE] default - app listening at 8080
[2018-09-27T09:39:44.524] [DEBUG] default - true
[2018-09-27T09:39:44.525] [ERROR] default - { message: 'admin is not boolean', code: 409 }
[2018-09-27T09:39:44.526] [ERROR] default - { message: 'admin is not boolean', code: 409 }
[2018-09-27T09:40:29.784] [TRACE] default - app listening at 8080
[2018-09-27T09:40:35.783] [DEBUG] default - true
[2018-09-27T09:41:17.339] [ERROR] default - Error: data and hash arguments required
    at Object.compareSync (/Users/fabien/Documents/Cours/M2 - III/Web/M2_III_Web/back/node_modules/bcrypt/bcrypt.js:167:15)
    at Object.exports.login (/Users/fabien/Documents/Cours/M2 - III/Web/M2_III_Web/back/src/services/users.service.js:31:35)
    at process._tickCallback (internal/process/next_tick.js:68:7)
[2018-09-27T09:42:51.220] [TRACE] default - app listening at 8080
[2018-09-27T09:42:53.713] [DEBUG] default - Azerty@1 undefined
[2018-09-27T09:42:53.714] [ERROR] default - Error: data and hash arguments required
    at Object.compareSync (/Users/fabien/Documents/Cours/M2 - III/Web/M2_III_Web/back/node_modules/bcrypt/bcrypt.js:167:15)
    at Object.exports.login (/Users/fabien/Documents/Cours/M2 - III/Web/M2_III_Web/back/src/services/users.service.js:33:35)
    at process._tickCallback (internal/process/next_tick.js:68:7)
[2018-09-27T09:43:37.899] [TRACE] default - app listening at 8080
[2018-09-27T09:43:41.209] [DEBUG] default - Azerty@1 undefined
[2018-09-27T09:43:41.282] [ERROR] default - SyntaxError: Unexpected token u in JSON at position 7
    at JSON.parse (<anonymous>)
    at /Users/fabien/Documents/Cours/M2 - III/Web/M2_III_Web/back/src/paths/users.path.js:49:28
    at process._tickCallback (internal/process/next_tick.js:68:7)
[2018-09-27T09:44:39.722] [TRACE] default - app listening at 8080
[2018-09-27T09:44:46.152] [DEBUG] default - Azerty@1 $2b$10$4Fpv84tIj3Ce4755kjsiBupsgMwne93tF3ySb0NM5aabd1Dn9gXm2
[2018-09-27T09:44:46.226] [DEBUG] default - Return result [ { id: 3,
    email: 'fabiendubois5@gmail.com',
    password:
     '$2b$10$4Fpv84tIj3Ce4755kjsiBupsgMwne93tF3ySb0NM5aabd1Dn9gXm2',
    admin: true },
  token: 'eyJhbGciOiJIUzI1NiIsInR5cCI6IkpXVCJ9.eyJpYXQiOjE1MzgwMzQyODYsImV4cCI6MTUzODAzNzg4Nn0.yOl7xvoW_XDdum0vCJcyyvOInuYv4XgssxFDx-PZGyg' ]
[2018-09-27T09:44:46.227] [ERROR] default - SyntaxError: Unexpected token u in JSON at position 7
    at JSON.parse (<anonymous>)
    at /Users/fabien/Documents/Cours/M2 - III/Web/M2_III_Web/back/src/paths/users.path.js:50:28
    at process._tickCallback (internal/process/next_tick.js:68:7)
[2018-09-27T09:45:49.151] [TRACE] default - app listening at 8080
[2018-09-27T09:45:52.659] [DEBUG] default - Azerty@1 $2b$10$4Fpv84tIj3Ce4755kjsiBupsgMwne93tF3ySb0NM5aabd1Dn9gXm2
[2018-09-27T09:45:52.731] [DEBUG] default - Return result [ { id: 3,
    email: 'fabiendubois5@gmail.com',
    password:
     '$2b$10$4Fpv84tIj3Ce4755kjsiBupsgMwne93tF3ySb0NM5aabd1Dn9gXm2',
    admin: true },
  token: 'eyJhbGciOiJIUzI1NiIsInR5cCI6IkpXVCJ9.eyJpYXQiOjE1MzgwMzQzNTIsImV4cCI6MTUzODAzNzk1Mn0.lt5XiNmzmpbdXpqDH2izBxDCCn6QE8p21CigeJ3Z4ME' ]
[2018-09-27T09:46:29.728] [TRACE] default - app listening at 8080
[2018-09-27T09:46:39.726] [DEBUG] default - Azerty@1 $2b$10$4Fpv84tIj3Ce4755kjsiBupsgMwne93tF3ySb0NM5aabd1Dn9gXm2
[2018-09-27T09:46:39.797] [DEBUG] default - Return result [ { id: 3,
    email: 'fabiendubois5@gmail.com',
    password:
     '$2b$10$4Fpv84tIj3Ce4755kjsiBupsgMwne93tF3ySb0NM5aabd1Dn9gXm2',
    admin: true,
    token:
     'eyJhbGciOiJIUzI1NiIsInR5cCI6IkpXVCJ9.eyJpYXQiOjE1MzgwMzQzOTksImV4cCI6MTUzODAzNzk5OX0.k8e5M5-XCQjFsgmk_LYbY9VzMgxeuosDaU5slST3IHo' } ]
[2018-09-27T10:25:57.328] [TRACE] default - app listening at 8080
[2018-09-27T10:26:52.566] [ERROR] default - ReferenceError: users is not defined
    at Object.exports.sign_in (/Users/fabien/Documents/Cours/M2 - III/Web/M2_III_Web/back/src/controllers/users.controller.js:35:9)
    at process._tickCallback (internal/process/next_tick.js:68:7)
[2018-09-27T10:26:52.567] [ERROR] default - ReferenceError: users is not defined
    at Object.exports.sign_in (/Users/fabien/Documents/Cours/M2 - III/Web/M2_III_Web/back/src/controllers/users.controller.js:35:9)
    at process._tickCallback (internal/process/next_tick.js:68:7)
[2018-09-27T10:27:17.721] [TRACE] default - app listening at 8080
[2018-09-27T10:28:10.502] [DEBUG] default - true
[2018-09-27T10:28:16.966] [ERROR] default - TypeError: Cannot read property 'password' of undefined
    at Object.exports.sign_in (/Users/fabien/Documents/Cours/M2 - III/Web/M2_III_Web/back/src/controllers/users.controller.js:29:65)
    at process._tickCallback (internal/process/next_tick.js:68:7)
[2018-09-27T10:28:16.968] [ERROR] default - TypeError: Cannot read property 'password' of undefined
    at Object.exports.sign_in (/Users/fabien/Documents/Cours/M2 - III/Web/M2_III_Web/back/src/controllers/users.controller.js:29:65)
    at process._tickCallback (internal/process/next_tick.js:68:7)
[2018-09-27T10:28:42.709] [TRACE] default - app listening at 8080
[2018-09-27T10:28:45.973] [ERROR] default - { message: 'Email Not Found', code: 409 }
[2018-09-27T10:28:45.973] [ERROR] default - { message: 'Email Not Found', code: 409 }
