[2018-10-14T11:41:02.766] [ERROR] default - Controller Flows findAll { message: 'Forbidden Access', code: 403 }
[2018-10-14T11:41:02.768] [ERROR] default - Path Flows GET /flows { message: 'Forbidden Access', code: 403 }
[2018-10-16T21:03:39.773] [ERROR] default - Controller Technologies findAll { message: 'Forbidden Access', code: 403 }
[2018-10-16T21:03:39.776] [ERROR] default - Path Technologies GET /technologies { message: 'Forbidden Access', code: 403 }
[2018-10-16T21:04:00.345] [ERROR] default - Controller Technologies findAll { message: 'Forbidden Access', code: 403 }
[2018-10-16T21:04:00.346] [ERROR] default - Path Technologies GET /technologies { message: 'Forbidden Access', code: 403 }
[2018-10-21T21:26:27.931] [ERROR] default - Controller Users signIn { message: 'Email Not Found', code: 409 }
[2018-10-21T21:26:27.932] [ERROR] default - Path Users /users/sign_in { message: 'Email Not Found', code: 409 }
[2018-10-21T21:29:18.124] [ERROR] default - { TokenExpiredError: jwt expired
    at /Users/fabien/Documents/Cours/M2 - III/Web/M2_III_Web/back/node_modules/jsonwebtoken/verify.js:141:21
    at getSecret (/Users/fabien/Documents/Cours/M2 - III/Web/M2_III_Web/back/node_modules/jsonwebtoken/verify.js:76:14)
    at Object.module.exports [as verify] (/Users/fabien/Documents/Cours/M2 - III/Web/M2_III_Web/back/node_modules/jsonwebtoken/verify.js:80:10)
    at Object.getUserId (/Users/fabien/Documents/Cours/M2 - III/Web/M2_III_Web/back/src/tools/jwt.tool.js:44:36)
    at Object.exports.updateById (/Users/fabien/Documents/Cours/M2 - III/Web/M2_III_Web/back/src/controllers/technologies.controller.js:123:28)
    at /Users/fabien/Documents/Cours/M2 - III/Web/M2_III_Web/back/src/paths/technologies.path.js:233:53
    at Layer.handle [as handle_request] (/Users/fabien/Documents/Cours/M2 - III/Web/M2_III_Web/back/node_modules/express/lib/router/layer.js:95:5)
    at next (/Users/fabien/Documents/Cours/M2 - III/Web/M2_III_Web/back/node_modules/express/lib/router/route.js:137:13)
    at Route.dispatch (/Users/fabien/Documents/Cours/M2 - III/Web/M2_III_Web/back/node_modules/express/lib/router/route.js:112:3)
    at Layer.handle [as handle_request] (/Users/fabien/Documents/Cours/M2 - III/Web/M2_III_Web/back/node_modules/express/lib/router/layer.js:95:5)
  name: 'TokenExpiredError',
  message: 'jwt expired',
  expiredAt: 2018-10-01T19:16:50.000Z }
[2018-10-21T21:29:18.125] [ERROR] default - Controller Technologies updateById { message: 'Forbidden Access', code: 403 }
[2018-10-21T21:29:18.125] [ERROR] default - Path Technologies PUT /technologies/:id { message: 'Forbidden Access', code: 403 }
[2018-10-21T21:29:24.259] [ERROR] default - Controller Technologies updateById SyntaxError: Identifier 'technologie' has already been declared
    at Object.exports.updateById (/Users/fabien/Documents/Cours/M2 - III/Web/M2_III_Web/back/src/controllers/technologies.controller.js:136:43)
    at process._tickCallback (internal/process/next_tick.js:68:7)
[2018-10-21T21:29:24.260] [ERROR] default - Path Technologies PUT /technologies/:id SyntaxError: Identifier 'technologie' has already been declared
    at Object.exports.updateById (/Users/fabien/Documents/Cours/M2 - III/Web/M2_III_Web/back/src/controllers/technologies.controller.js:136:43)
    at process._tickCallback (internal/process/next_tick.js:68:7)
[2018-10-26T10:19:27.512] [ERROR] default - { TokenExpiredError: jwt expired
    at /Users/fabien/Documents/Cours/M2 - III/Web/M2_III_Web/back/node_modules/jsonwebtoken/verify.js:141:21
    at getSecret (/Users/fabien/Documents/Cours/M2 - III/Web/M2_III_Web/back/node_modules/jsonwebtoken/verify.js:76:14)
    at Object.module.exports [as verify] (/Users/fabien/Documents/Cours/M2 - III/Web/M2_III_Web/back/node_modules/jsonwebtoken/verify.js:80:10)
    at Object.getUserId (/Users/fabien/Documents/Cours/M2 - III/Web/M2_III_Web/back/src/tools/jwt.tool.js:44:36)
    at Object.exports.add (/Users/fabien/Documents/Cours/M2 - III/Web/M2_III_Web/back/src/controllers/technologies.controller.js:67:28)
    at /Users/fabien/Documents/Cours/M2 - III/Web/M2_III_Web/back/src/paths/technologies.path.js:141:53
    at Layer.handle [as handle_request] (/Users/fabien/Documents/Cours/M2 - III/Web/M2_III_Web/back/node_modules/express/lib/router/layer.js:95:5)
    at next (/Users/fabien/Documents/Cours/M2 - III/Web/M2_III_Web/back/node_modules/express/lib/router/route.js:137:13)
    at Route.dispatch (/Users/fabien/Documents/Cours/M2 - III/Web/M2_III_Web/back/node_modules/express/lib/router/route.js:112:3)
    at Layer.handle [as handle_request] (/Users/fabien/Documents/Cours/M2 - III/Web/M2_III_Web/back/node_modules/express/lib/router/layer.js:95:5)
  name: 'TokenExpiredError',
  message: 'jwt expired',
  expiredAt: 2018-10-01T19:16:50.000Z }
[2018-10-26T10:19:27.513] [ERROR] default - Controller Technologies add { message: 'Forbidden Access', code: 403 }
[2018-10-26T10:19:27.514] [ERROR] default - Path Technologies POST /technologies { message: 'Forbidden Access', code: 403 }
[2018-10-26T10:19:37.853] [ERROR] default - Service Technologies add { message: 'name empty or null', code: 400 }
[2018-10-26T10:19:37.854] [ERROR] default - Controller Technologies add { message: 'name empty or null', code: 400 }
[2018-10-26T10:19:37.854] [ERROR] default - Path Technologies POST /technologies { message: 'name empty or null', code: 400 }
[2018-10-26T10:19:45.996] [ERROR] default - Path Technologies POST /technologies { message: 'Missing param(s)', code: 400 }
[2018-10-26T10:20:02.765] [ERROR] default - { TokenExpiredError: jwt expired
    at /Users/fabien/Documents/Cours/M2 - III/Web/M2_III_Web/back/node_modules/jsonwebtoken/verify.js:141:21
    at getSecret (/Users/fabien/Documents/Cours/M2 - III/Web/M2_III_Web/back/node_modules/jsonwebtoken/verify.js:76:14)
    at Object.module.exports [as verify] (/Users/fabien/Documents/Cours/M2 - III/Web/M2_III_Web/back/node_modules/jsonwebtoken/verify.js:80:10)
    at Object.getUserId (/Users/fabien/Documents/Cours/M2 - III/Web/M2_III_Web/back/src/tools/jwt.tool.js:44:36)
    at Object.exports.findById (/Users/fabien/Documents/Cours/M2 - III/Web/M2_III_Web/back/src/controllers/technologies.controller.js:46:28)
    at /Users/fabien/Documents/Cours/M2 - III/Web/M2_III_Web/back/src/paths/technologies.path.js:98:53
    at Layer.handle [as handle_request] (/Users/fabien/Documents/Cours/M2 - III/Web/M2_III_Web/back/node_modules/express/lib/router/layer.js:95:5)
    at next (/Users/fabien/Documents/Cours/M2 - III/Web/M2_III_Web/back/node_modules/express/lib/router/route.js:137:13)
    at Route.dispatch (/Users/fabien/Documents/Cours/M2 - III/Web/M2_III_Web/back/node_modules/express/lib/router/route.js:112:3)
    at Layer.handle [as handle_request] (/Users/fabien/Documents/Cours/M2 - III/Web/M2_III_Web/back/node_modules/express/lib/router/layer.js:95:5)
  name: 'TokenExpiredError',
  message: 'jwt expired',
  expiredAt: 2018-10-21T20:26:39.000Z }
[2018-10-26T10:20:02.766] [ERROR] default - Controller Technologies findById { message: 'Forbidden Access', code: 403 }
[2018-10-26T10:20:02.766] [ERROR] default - Path Technologies GET /technologies/:id { message: 'Forbidden Access', code: 403 }
[2018-10-26T10:20:15.182] [ERROR] default - Service Technologies findById { message: 'id is not number', code: 400 }
[2018-10-26T10:20:15.182] [ERROR] default - Controller Technologies findById { message: 'id is not number', code: 400 }
[2018-10-26T10:20:15.182] [ERROR] default - Path Technologies GET /technologies/:id { message: 'id is not number', code: 400 }
[2018-10-26T10:21:10.833] [ERROR] default - { TokenExpiredError: jwt expired
    at /Users/fabien/Documents/Cours/M2 - III/Web/M2_III_Web/back/node_modules/jsonwebtoken/verify.js:141:21
    at getSecret (/Users/fabien/Documents/Cours/M2 - III/Web/M2_III_Web/back/node_modules/jsonwebtoken/verify.js:76:14)
    at Object.module.exports [as verify] (/Users/fabien/Documents/Cours/M2 - III/Web/M2_III_Web/back/node_modules/jsonwebtoken/verify.js:80:10)
    at Object.getUserId (/Users/fabien/Documents/Cours/M2 - III/Web/M2_III_Web/back/src/tools/jwt.tool.js:44:36)
    at Object.exports.updateById (/Users/fabien/Documents/Cours/M2 - III/Web/M2_III_Web/back/src/controllers/technologies.controller.js:123:28)
    at /Users/fabien/Documents/Cours/M2 - III/Web/M2_III_Web/back/src/paths/technologies.path.js:233:53
    at Layer.handle [as handle_request] (/Users/fabien/Documents/Cours/M2 - III/Web/M2_III_Web/back/node_modules/express/lib/router/layer.js:95:5)
    at next (/Users/fabien/Documents/Cours/M2 - III/Web/M2_III_Web/back/node_modules/express/lib/router/route.js:137:13)
    at Route.dispatch (/Users/fabien/Documents/Cours/M2 - III/Web/M2_III_Web/back/node_modules/express/lib/router/route.js:112:3)
    at Layer.handle [as handle_request] (/Users/fabien/Documents/Cours/M2 - III/Web/M2_III_Web/back/node_modules/express/lib/router/layer.js:95:5)
  name: 'TokenExpiredError',
  message: 'jwt expired',
  expiredAt: 2018-10-01T19:16:50.000Z }
[2018-10-26T10:21:10.833] [ERROR] default - Controller Technologies updateById { message: 'Forbidden Access', code: 403 }
[2018-10-26T10:21:10.833] [ERROR] default - Path Technologies PUT /technologies/:id { message: 'Forbidden Access', code: 403 }
[2018-10-26T10:21:16.844] [ERROR] default - Controller Technologies updateById SyntaxError: Identifier 'technologie' has already been declared
    at Object.exports.updateById (/Users/fabien/Documents/Cours/M2 - III/Web/M2_III_Web/back/src/controllers/technologies.controller.js:136:43)
    at process._tickCallback (internal/process/next_tick.js:68:7)
[2018-10-26T10:21:16.844] [ERROR] default - Path Technologies PUT /technologies/:id SyntaxError: Identifier 'technologie' has already been declared
    at Object.exports.updateById (/Users/fabien/Documents/Cours/M2 - III/Web/M2_III_Web/back/src/controllers/technologies.controller.js:136:43)
    at process._tickCallback (internal/process/next_tick.js:68:7)
[2018-10-26T10:22:42.851] [ERROR] default - Service Technologies updateById { message: 'This technology with this name already exists.',
  code: 400 }
[2018-10-26T10:22:42.852] [ERROR] default - Controller Technologies updateById { message: 'This technology with this name already exists.',
  code: 400 }
[2018-10-26T10:22:42.852] [ERROR] default - Path Technologies PUT /technologies/:id { message: 'This technology with this name already exists.',
  code: 400 }
[2018-10-26T10:22:49.401] [ERROR] default - { TokenExpiredError: jwt expired
    at /Users/fabien/Documents/Cours/M2 - III/Web/M2_III_Web/back/node_modules/jsonwebtoken/verify.js:141:21
    at getSecret (/Users/fabien/Documents/Cours/M2 - III/Web/M2_III_Web/back/node_modules/jsonwebtoken/verify.js:76:14)
    at Object.module.exports [as verify] (/Users/fabien/Documents/Cours/M2 - III/Web/M2_III_Web/back/node_modules/jsonwebtoken/verify.js:80:10)
    at Object.getUserId (/Users/fabien/Documents/Cours/M2 - III/Web/M2_III_Web/back/src/tools/jwt.tool.js:44:36)
    at Object.exports.findAll (/Users/fabien/Documents/Cours/M2 - III/Web/M2_III_Web/back/src/controllers/technologies.controller.js:25:28)
    at /Users/fabien/Documents/Cours/M2 - III/Web/M2_III_Web/back/src/paths/technologies.path.js:48:53
    at Layer.handle [as handle_request] (/Users/fabien/Documents/Cours/M2 - III/Web/M2_III_Web/back/node_modules/express/lib/router/layer.js:95:5)
    at next (/Users/fabien/Documents/Cours/M2 - III/Web/M2_III_Web/back/node_modules/express/lib/router/route.js:137:13)
    at Route.dispatch (/Users/fabien/Documents/Cours/M2 - III/Web/M2_III_Web/back/node_modules/express/lib/router/route.js:112:3)
    at Layer.handle [as handle_request] (/Users/fabien/Documents/Cours/M2 - III/Web/M2_III_Web/back/node_modules/express/lib/router/layer.js:95:5)
  name: 'TokenExpiredError',
  message: 'jwt expired',
  expiredAt: 2018-09-27T10:00:45.000Z }
[2018-10-26T10:22:49.402] [ERROR] default - Controller Technologies findAll { message: 'Forbidden Access', code: 403 }
[2018-10-26T10:22:49.402] [ERROR] default - Path Technologies GET /technologies { message: 'Forbidden Access', code: 403 }
[2018-10-26T10:23:11.814] [ERROR] default - Service Technologies updateById { message: 'This technology with this name already exists.',
  code: 400 }
[2018-10-26T10:23:11.815] [ERROR] default - Controller Technologies updateById { message: 'This technology with this name already exists.',
  code: 400 }
[2018-10-26T10:23:11.815] [ERROR] default - Path Technologies PUT /technologies/:id { message: 'This technology with this name already exists.',
  code: 400 }
[2018-10-26T10:23:16.198] [ERROR] default - Service Technologies updateById { message: 'name empty or null', code: 400 }
[2018-10-26T10:23:16.198] [ERROR] default - Controller Technologies updateById { message: 'name empty or null', code: 400 }
[2018-10-26T10:23:16.198] [ERROR] default - Path Technologies PUT /technologies/:id { message: 'name empty or null', code: 400 }
[2018-10-26T10:23:46.284] [ERROR] default - Service Technologies updateById { message: 'This technology with this name already exists.',
  code: 400 }
[2018-10-26T10:23:46.284] [ERROR] default - Controller Technologies updateById { message: 'This technology with this name already exists.',
  code: 400 }
[2018-10-26T10:23:46.284] [ERROR] default - Path Technologies PUT /technologies/:id { message: 'This technology with this name already exists.',
  code: 400 }
[2018-10-26T10:50:18.718] [ERROR] default - Service Technologies updateById { message: 'This technology with this name already exists.',
  code: 400 }
[2018-10-26T10:50:18.719] [ERROR] default - Controller Technologies updateById { message: 'This technology with this name already exists.',
  code: 400 }
[2018-10-26T10:50:18.719] [ERROR] default - Path Technologies PUT /technologies/:id { message: 'This technology with this name already exists.',
  code: 400 }
[2018-10-26T10:50:28.695] [ERROR] default - Service Technologies updateById { message: 'This technology with this name already exists.',
  code: 400 }
[2018-10-26T10:50:28.696] [ERROR] default - Controller Technologies updateById { message: 'This technology with this name already exists.',
  code: 400 }
[2018-10-26T10:50:28.696] [ERROR] default - Path Technologies PUT /technologies/:id { message: 'This technology with this name already exists.',
  code: 400 }
[2018-10-26T10:50:32.170] [ERROR] default - Service Technologies updateById { message: 'This technology with this name already exists.',
  code: 400 }
[2018-10-26T10:50:32.171] [ERROR] default - Controller Technologies updateById { message: 'This technology with this name already exists.',
  code: 400 }
[2018-10-26T10:50:32.171] [ERROR] default - Path Technologies PUT /technologies/:id { message: 'This technology with this name already exists.',
  code: 400 }
[2018-10-26T10:50:36.609] [ERROR] default - Service Technologies updateById { message: 'This technology with this name already exists.',
  code: 400 }
[2018-10-26T10:50:36.609] [ERROR] default - Controller Technologies updateById { message: 'This technology with this name already exists.',
  code: 400 }
[2018-10-26T10:50:36.610] [ERROR] default - Path Technologies PUT /technologies/:id { message: 'This technology with this name already exists.',
  code: 400 }
[2018-10-26T10:51:35.722] [ERROR] default - Service Technologies updateById { message: 'This technology with this name already exists.',
  code: 400 }
[2018-10-26T10:51:35.723] [ERROR] default - Controller Technologies updateById { message: 'This technology with this name already exists.',
  code: 400 }
[2018-10-26T10:51:35.723] [ERROR] default - Path Technologies PUT /technologies/:id { message: 'This technology with this name already exists.',
  code: 400 }
[2018-10-26T10:51:46.054] [ERROR] default - Service Technologies updateById { message: 'This technology with this name already exists.',
  code: 400 }
[2018-10-26T10:51:46.054] [ERROR] default - Controller Technologies updateById { message: 'This technology with this name already exists.',
  code: 400 }
[2018-10-26T10:51:46.055] [ERROR] default - Path Technologies PUT /technologies/:id { message: 'This technology with this name already exists.',
  code: 400 }
[2018-10-26T10:51:48.431] [ERROR] default - Service Technologies updateById { message: 'This technology with this name already exists.',
  code: 400 }
[2018-10-26T10:51:48.431] [ERROR] default - Controller Technologies updateById { message: 'This technology with this name already exists.',
  code: 400 }
[2018-10-26T10:51:48.431] [ERROR] default - Path Technologies PUT /technologies/:id { message: 'This technology with this name already exists.',
  code: 400 }
[2018-10-26T10:52:07.357] [ERROR] default - Service Technologies updateById { message: 'This technology with this name already exists.',
  code: 400 }
[2018-10-26T10:52:07.357] [ERROR] default - Controller Technologies updateById { message: 'This technology with this name already exists.',
  code: 400 }
[2018-10-26T10:52:07.358] [ERROR] default - Path Technologies PUT /technologies/:id { message: 'This technology with this name already exists.',
  code: 400 }
[2018-10-26T10:52:10.276] [ERROR] default - Service Technologies updateById { message: 'name empty or null', code: 400 }
[2018-10-26T10:52:10.276] [ERROR] default - Controller Technologies updateById { message: 'name empty or null', code: 400 }
[2018-10-26T10:52:10.276] [ERROR] default - Path Technologies PUT /technologies/:id { message: 'name empty or null', code: 400 }
[2018-10-26T10:56:34.765] [ERROR] default - { TokenExpiredError: jwt expired
    at /Users/fabien/Documents/Cours/M2 - III/Web/M2_III_Web/back/node_modules/jsonwebtoken/verify.js:141:21
    at getSecret (/Users/fabien/Documents/Cours/M2 - III/Web/M2_III_Web/back/node_modules/jsonwebtoken/verify.js:76:14)
    at Object.module.exports [as verify] (/Users/fabien/Documents/Cours/M2 - III/Web/M2_III_Web/back/node_modules/jsonwebtoken/verify.js:80:10)
    at Object.getUserId (/Users/fabien/Documents/Cours/M2 - III/Web/M2_III_Web/back/src/tools/jwt.tool.js:44:36)
    at Object.exports.updateById (/Users/fabien/Documents/Cours/M2 - III/Web/M2_III_Web/back/src/controllers/technologies.controller.js:123:28)
    at /Users/fabien/Documents/Cours/M2 - III/Web/M2_III_Web/back/src/paths/technologies.path.js:233:53
    at Layer.handle [as handle_request] (/Users/fabien/Documents/Cours/M2 - III/Web/M2_III_Web/back/node_modules/express/lib/router/layer.js:95:5)
    at next (/Users/fabien/Documents/Cours/M2 - III/Web/M2_III_Web/back/node_modules/express/lib/router/route.js:137:13)
    at Route.dispatch (/Users/fabien/Documents/Cours/M2 - III/Web/M2_III_Web/back/node_modules/express/lib/router/route.js:112:3)
    at Layer.handle [as handle_request] (/Users/fabien/Documents/Cours/M2 - III/Web/M2_III_Web/back/node_modules/express/lib/router/layer.js:95:5)
  name: 'TokenExpiredError',
  message: 'jwt expired',
  expiredAt: 2018-10-01T19:16:50.000Z }
[2018-10-26T10:56:34.766] [ERROR] default - Controller Technologies updateById { message: 'Forbidden Access', code: 403 }
[2018-10-26T10:56:34.766] [ERROR] default - Path Technologies PUT /technologies/:id { message: 'Forbidden Access', code: 403 }
[2018-10-26T10:58:21.246] [ERROR] default - Controller Applications findAll { message: 'Forbidden Access', code: 403 }
[2018-10-26T10:58:21.246] [ERROR] default - Path Applications GET /applications { message: 'Forbidden Access', code: 403 }
[2018-10-26T11:11:58.701] [ERROR] default - Controller Applications add TypeError: user_controller.isAdmin is not a function
    at Object.exports.add (/Users/fabien/Documents/Cours/M2 - III/Web/M2_III_Web/back/src/controllers/applications.controller.js:100:45)
    at /Users/fabien/Documents/Cours/M2 - III/Web/M2_III_Web/back/src/paths/applications.path.js:197:53
    at Layer.handle [as handle_request] (/Users/fabien/Documents/Cours/M2 - III/Web/M2_III_Web/back/node_modules/express/lib/router/layer.js:95:5)
    at next (/Users/fabien/Documents/Cours/M2 - III/Web/M2_III_Web/back/node_modules/express/lib/router/route.js:137:13)
    at Route.dispatch (/Users/fabien/Documents/Cours/M2 - III/Web/M2_III_Web/back/node_modules/express/lib/router/route.js:112:3)
    at Layer.handle [as handle_request] (/Users/fabien/Documents/Cours/M2 - III/Web/M2_III_Web/back/node_modules/express/lib/router/layer.js:95:5)
    at /Users/fabien/Documents/Cours/M2 - III/Web/M2_III_Web/back/node_modules/express/lib/router/index.js:281:22
    at Function.process_params (/Users/fabien/Documents/Cours/M2 - III/Web/M2_III_Web/back/node_modules/express/lib/router/index.js:335:12)
    at next (/Users/fabien/Documents/Cours/M2 - III/Web/M2_III_Web/back/node_modules/express/lib/router/index.js:275:10)
    at Function.handle (/Users/fabien/Documents/Cours/M2 - III/Web/M2_III_Web/back/node_modules/express/lib/router/index.js:174:3)
[2018-10-26T11:11:58.702] [ERROR] default - Path Applications POST /applications TypeError: user_controller.isAdmin is not a function
    at Object.exports.add (/Users/fabien/Documents/Cours/M2 - III/Web/M2_III_Web/back/src/controllers/applications.controller.js:100:45)
    at /Users/fabien/Documents/Cours/M2 - III/Web/M2_III_Web/back/src/paths/applications.path.js:197:53
    at Layer.handle [as handle_request] (/Users/fabien/Documents/Cours/M2 - III/Web/M2_III_Web/back/node_modules/express/lib/router/layer.js:95:5)
    at next (/Users/fabien/Documents/Cours/M2 - III/Web/M2_III_Web/back/node_modules/express/lib/router/route.js:137:13)
    at Route.dispatch (/Users/fabien/Documents/Cours/M2 - III/Web/M2_III_Web/back/node_modules/express/lib/router/route.js:112:3)
    at Layer.handle [as handle_request] (/Users/fabien/Documents/Cours/M2 - III/Web/M2_III_Web/back/node_modules/express/lib/router/layer.js:95:5)
    at /Users/fabien/Documents/Cours/M2 - III/Web/M2_III_Web/back/node_modules/express/lib/router/index.js:281:22
    at Function.process_params (/Users/fabien/Documents/Cours/M2 - III/Web/M2_III_Web/back/node_modules/express/lib/router/index.js:335:12)
    at next (/Users/fabien/Documents/Cours/M2 - III/Web/M2_III_Web/back/node_modules/express/lib/router/index.js:275:10)
    at Function.handle (/Users/fabien/Documents/Cours/M2 - III/Web/M2_III_Web/back/node_modules/express/lib/router/index.js:174:3)
[2018-10-26T11:15:58.959] [ERROR] default - Controller Applications add TypeError: user_controller.isAdmin is not a function
    at Object.exports.add (/Users/fabien/Documents/Cours/M2 - III/Web/M2_III_Web/back/src/controllers/applications.controller.js:100:45)
    at /Users/fabien/Documents/Cours/M2 - III/Web/M2_III_Web/back/src/paths/applications.path.js:197:53
    at Layer.handle [as handle_request] (/Users/fabien/Documents/Cours/M2 - III/Web/M2_III_Web/back/node_modules/express/lib/router/layer.js:95:5)
    at next (/Users/fabien/Documents/Cours/M2 - III/Web/M2_III_Web/back/node_modules/express/lib/router/route.js:137:13)
    at Route.dispatch (/Users/fabien/Documents/Cours/M2 - III/Web/M2_III_Web/back/node_modules/express/lib/router/route.js:112:3)
    at Layer.handle [as handle_request] (/Users/fabien/Documents/Cours/M2 - III/Web/M2_III_Web/back/node_modules/express/lib/router/layer.js:95:5)
    at /Users/fabien/Documents/Cours/M2 - III/Web/M2_III_Web/back/node_modules/express/lib/router/index.js:281:22
    at Function.process_params (/Users/fabien/Documents/Cours/M2 - III/Web/M2_III_Web/back/node_modules/express/lib/router/index.js:335:12)
    at next (/Users/fabien/Documents/Cours/M2 - III/Web/M2_III_Web/back/node_modules/express/lib/router/index.js:275:10)
    at Function.handle (/Users/fabien/Documents/Cours/M2 - III/Web/M2_III_Web/back/node_modules/express/lib/router/index.js:174:3)
[2018-10-26T11:15:58.960] [ERROR] default - Path Applications POST /applications TypeError: user_controller.isAdmin is not a function
    at Object.exports.add (/Users/fabien/Documents/Cours/M2 - III/Web/M2_III_Web/back/src/controllers/applications.controller.js:100:45)
    at /Users/fabien/Documents/Cours/M2 - III/Web/M2_III_Web/back/src/paths/applications.path.js:197:53
    at Layer.handle [as handle_request] (/Users/fabien/Documents/Cours/M2 - III/Web/M2_III_Web/back/node_modules/express/lib/router/layer.js:95:5)
    at next (/Users/fabien/Documents/Cours/M2 - III/Web/M2_III_Web/back/node_modules/express/lib/router/route.js:137:13)
    at Route.dispatch (/Users/fabien/Documents/Cours/M2 - III/Web/M2_III_Web/back/node_modules/express/lib/router/route.js:112:3)
    at Layer.handle [as handle_request] (/Users/fabien/Documents/Cours/M2 - III/Web/M2_III_Web/back/node_modules/express/lib/router/layer.js:95:5)
    at /Users/fabien/Documents/Cours/M2 - III/Web/M2_III_Web/back/node_modules/express/lib/router/index.js:281:22
    at Function.process_params (/Users/fabien/Documents/Cours/M2 - III/Web/M2_III_Web/back/node_modules/express/lib/router/index.js:335:12)
    at next (/Users/fabien/Documents/Cours/M2 - III/Web/M2_III_Web/back/node_modules/express/lib/router/index.js:275:10)
    at Function.handle (/Users/fabien/Documents/Cours/M2 - III/Web/M2_III_Web/back/node_modules/express/lib/router/index.js:174:3)
[2018-10-26T11:20:16.466] [ERROR] default - Service Applications add TypeError: this.findByName is not a function
    at Object.exports.add (/Users/fabien/Documents/Cours/M2 - III/Web/M2_III_Web/back/src/services/applications.service.js:63:38)
    at Object.exports.add (/Users/fabien/Documents/Cours/M2 - III/Web/M2_III_Web/back/src/controllers/applications.controller.js:106:43)
    at process._tickCallback (internal/process/next_tick.js:68:7)
[2018-10-26T11:20:16.468] [ERROR] default - Controller Applications add TypeError: this.findByName is not a function
    at Object.exports.add (/Users/fabien/Documents/Cours/M2 - III/Web/M2_III_Web/back/src/services/applications.service.js:63:38)
    at Object.exports.add (/Users/fabien/Documents/Cours/M2 - III/Web/M2_III_Web/back/src/controllers/applications.controller.js:106:43)
    at process._tickCallback (internal/process/next_tick.js:68:7)
[2018-10-26T11:20:16.468] [ERROR] default - Path Applications POST /applications TypeError: this.findByName is not a function
    at Object.exports.add (/Users/fabien/Documents/Cours/M2 - III/Web/M2_III_Web/back/src/services/applications.service.js:63:38)
    at Object.exports.add (/Users/fabien/Documents/Cours/M2 - III/Web/M2_III_Web/back/src/controllers/applications.controller.js:106:43)
    at process._tickCallback (internal/process/next_tick.js:68:7)
[2018-10-26T11:30:34.728] [ERROR] default - Service Applications findByName TypeError: applications_repository.findByName is not a function
    at Object.exports.findByName (/Users/fabien/Documents/Cours/M2 - III/Web/M2_III_Web/back/src/services/applications.service.js:60:46)
    at Object.exports.add (/Users/fabien/Documents/Cours/M2 - III/Web/M2_III_Web/back/src/services/applications.service.js:86:38)
    at Object.exports.add (/Users/fabien/Documents/Cours/M2 - III/Web/M2_III_Web/back/src/controllers/applications.controller.js:106:43)
    at process._tickCallback (internal/process/next_tick.js:68:7)
[2018-10-26T11:30:34.729] [ERROR] default - Service Applications add TypeError: applications_repository.findByName is not a function
    at Object.exports.findByName (/Users/fabien/Documents/Cours/M2 - III/Web/M2_III_Web/back/src/services/applications.service.js:60:46)
    at Object.exports.add (/Users/fabien/Documents/Cours/M2 - III/Web/M2_III_Web/back/src/services/applications.service.js:86:38)
    at Object.exports.add (/Users/fabien/Documents/Cours/M2 - III/Web/M2_III_Web/back/src/controllers/applications.controller.js:106:43)
    at process._tickCallback (internal/process/next_tick.js:68:7)
[2018-10-26T11:30:34.729] [ERROR] default - Controller Applications add TypeError: applications_repository.findByName is not a function
    at Object.exports.findByName (/Users/fabien/Documents/Cours/M2 - III/Web/M2_III_Web/back/src/services/applications.service.js:60:46)
    at Object.exports.add (/Users/fabien/Documents/Cours/M2 - III/Web/M2_III_Web/back/src/services/applications.service.js:86:38)
    at Object.exports.add (/Users/fabien/Documents/Cours/M2 - III/Web/M2_III_Web/back/src/controllers/applications.controller.js:106:43)
    at process._tickCallback (internal/process/next_tick.js:68:7)
[2018-10-26T11:30:34.729] [ERROR] default - Path Applications POST /applications TypeError: applications_repository.findByName is not a function
    at Object.exports.findByName (/Users/fabien/Documents/Cours/M2 - III/Web/M2_III_Web/back/src/services/applications.service.js:60:46)
    at Object.exports.add (/Users/fabien/Documents/Cours/M2 - III/Web/M2_III_Web/back/src/services/applications.service.js:86:38)
    at Object.exports.add (/Users/fabien/Documents/Cours/M2 - III/Web/M2_III_Web/back/src/controllers/applications.controller.js:106:43)
    at process._tickCallback (internal/process/next_tick.js:68:7)
[2018-10-26T11:35:35.446] [ERROR] default - Service Applications findByName TypeError: applications_repository.findByName is not a function
    at Object.exports.findByName (/Users/fabien/Documents/Cours/M2 - III/Web/M2_III_Web/back/src/services/applications.service.js:60:46)
    at Object.exports.add (/Users/fabien/Documents/Cours/M2 - III/Web/M2_III_Web/back/src/services/applications.service.js:86:38)
    at Object.exports.add (/Users/fabien/Documents/Cours/M2 - III/Web/M2_III_Web/back/src/controllers/applications.controller.js:106:43)
    at process._tickCallback (internal/process/next_tick.js:68:7)
[2018-10-26T11:35:35.448] [ERROR] default - Service Applications add TypeError: applications_repository.findByName is not a function
    at Object.exports.findByName (/Users/fabien/Documents/Cours/M2 - III/Web/M2_III_Web/back/src/services/applications.service.js:60:46)
    at Object.exports.add (/Users/fabien/Documents/Cours/M2 - III/Web/M2_III_Web/back/src/services/applications.service.js:86:38)
    at Object.exports.add (/Users/fabien/Documents/Cours/M2 - III/Web/M2_III_Web/back/src/controllers/applications.controller.js:106:43)
    at process._tickCallback (internal/process/next_tick.js:68:7)
[2018-10-26T11:35:35.448] [ERROR] default - Controller Applications add TypeError: applications_repository.findByName is not a function
    at Object.exports.findByName (/Users/fabien/Documents/Cours/M2 - III/Web/M2_III_Web/back/src/services/applications.service.js:60:46)
    at Object.exports.add (/Users/fabien/Documents/Cours/M2 - III/Web/M2_III_Web/back/src/services/applications.service.js:86:38)
    at Object.exports.add (/Users/fabien/Documents/Cours/M2 - III/Web/M2_III_Web/back/src/controllers/applications.controller.js:106:43)
    at process._tickCallback (internal/process/next_tick.js:68:7)
[2018-10-26T11:35:35.448] [ERROR] default - Path Applications POST /applications TypeError: applications_repository.findByName is not a function
    at Object.exports.findByName (/Users/fabien/Documents/Cours/M2 - III/Web/M2_III_Web/back/src/services/applications.service.js:60:46)
    at Object.exports.add (/Users/fabien/Documents/Cours/M2 - III/Web/M2_III_Web/back/src/services/applications.service.js:86:38)
    at Object.exports.add (/Users/fabien/Documents/Cours/M2 - III/Web/M2_III_Web/back/src/controllers/applications.controller.js:106:43)
    at process._tickCallback (internal/process/next_tick.js:68:7)
[2018-10-26T11:36:02.614] [ERROR] default - Service Applications add { message: 'This application with this name already exists.',
  code: 400 }
[2018-10-26T11:36:02.615] [ERROR] default - Controller Applications add { message: 'This application with this name already exists.',
  code: 400 }
[2018-10-26T11:36:02.615] [ERROR] default - Path Applications POST /applications { message: 'This application with this name already exists.',
  code: 400 }
[2018-10-26T11:36:10.597] [ERROR] default - Service Applications add { message: 'This application with this name already exists.',
  code: 400 }
[2018-10-26T11:36:10.598] [ERROR] default - Controller Applications add { message: 'This application with this name already exists.',
  code: 400 }
[2018-10-26T11:36:10.598] [ERROR] default - Path Applications POST /applications { message: 'This application with this name already exists.',
  code: 400 }
[2018-10-26T11:38:45.429] [ERROR] default - Service Applications add { message: 'This application with this name already exists.',
  code: 400 }
[2018-10-26T11:38:45.430] [ERROR] default - Controller Applications add { message: 'This application with this name already exists.',
  code: 400 }
[2018-10-26T11:38:45.430] [ERROR] default - Path Applications POST /applications { message: 'This application with this name already exists.',
  code: 400 }
[2018-10-26T11:38:46.672] [ERROR] default - Service Applications add { message: 'This application with this name already exists.',
  code: 400 }
[2018-10-26T11:38:46.672] [ERROR] default - Controller Applications add { message: 'This application with this name already exists.',
  code: 400 }
[2018-10-26T11:38:46.672] [ERROR] default - Path Applications POST /applications { message: 'This application with this name already exists.',
  code: 400 }
[2018-10-26T11:52:42.797] [ERROR] default - Service Applications deleteById ReferenceError: flows_service is not defined
    at Object.exports.deleteById (/Users/fabien/Documents/Cours/M2 - III/Web/M2_III_Web/back/src/services/applications.service.js:136:35)
    at Object.exports.deleteById (/Users/fabien/Documents/Cours/M2 - III/Web/M2_III_Web/back/src/controllers/applications.controller.js:157:43)
    at process._tickCallback (internal/process/next_tick.js:68:7)
[2018-10-26T11:52:42.797] [ERROR] default - Controller Applications deleteById ReferenceError: flows_service is not defined
    at Object.exports.deleteById (/Users/fabien/Documents/Cours/M2 - III/Web/M2_III_Web/back/src/services/applications.service.js:136:35)
    at Object.exports.deleteById (/Users/fabien/Documents/Cours/M2 - III/Web/M2_III_Web/back/src/controllers/applications.controller.js:157:43)
    at process._tickCallback (internal/process/next_tick.js:68:7)
[2018-10-26T11:52:42.798] [ERROR] default - Path Applications DELETE /applications/:id ReferenceError: flows_service is not defined
    at Object.exports.deleteById (/Users/fabien/Documents/Cours/M2 - III/Web/M2_III_Web/back/src/services/applications.service.js:136:35)
    at Object.exports.deleteById (/Users/fabien/Documents/Cours/M2 - III/Web/M2_III_Web/back/src/controllers/applications.controller.js:157:43)
    at process._tickCallback (internal/process/next_tick.js:68:7)
[2018-10-26T11:55:01.273] [ERROR] default - Service Applications deleteById ReferenceError: name is not defined
    at Object.exports.deleteById (/Users/fabien/Documents/Cours/M2 - III/Web/M2_III_Web/back/src/services/applications.service.js:143:57)
    at Object.exports.deleteById (/Users/fabien/Documents/Cours/M2 - III/Web/M2_III_Web/back/src/controllers/applications.controller.js:157:43)
    at process._tickCallback (internal/process/next_tick.js:68:7)
[2018-10-26T11:55:01.274] [ERROR] default - Controller Applications deleteById ReferenceError: name is not defined
    at Object.exports.deleteById (/Users/fabien/Documents/Cours/M2 - III/Web/M2_III_Web/back/src/services/applications.service.js:143:57)
    at Object.exports.deleteById (/Users/fabien/Documents/Cours/M2 - III/Web/M2_III_Web/back/src/controllers/applications.controller.js:157:43)
    at process._tickCallback (internal/process/next_tick.js:68:7)
[2018-10-26T11:55:01.274] [ERROR] default - Path Applications DELETE /applications/:id ReferenceError: name is not defined
    at Object.exports.deleteById (/Users/fabien/Documents/Cours/M2 - III/Web/M2_III_Web/back/src/services/applications.service.js:143:57)
    at Object.exports.deleteById (/Users/fabien/Documents/Cours/M2 - III/Web/M2_III_Web/back/src/controllers/applications.controller.js:157:43)
    at process._tickCallback (internal/process/next_tick.js:68:7)
[2018-10-26T12:08:15.858] [ERROR] default - { TokenExpiredError: jwt expired
    at /Users/fabien/Documents/Cours/M2 - III/Web/M2_III_Web/back/node_modules/jsonwebtoken/verify.js:141:21
    at getSecret (/Users/fabien/Documents/Cours/M2 - III/Web/M2_III_Web/back/node_modules/jsonwebtoken/verify.js:76:14)
    at Object.module.exports [as verify] (/Users/fabien/Documents/Cours/M2 - III/Web/M2_III_Web/back/node_modules/jsonwebtoken/verify.js:80:10)
    at Object.getUserId (/Users/fabien/Documents/Cours/M2 - III/Web/M2_III_Web/back/src/tools/jwt.tool.js:44:36)
    at Object.exports.findAll (/Users/fabien/Documents/Cours/M2 - III/Web/M2_III_Web/back/src/controllers/technologies.controller.js:25:28)
    at /Users/fabien/Documents/Cours/M2 - III/Web/M2_III_Web/back/src/paths/technologies.path.js:48:53
    at Layer.handle [as handle_request] (/Users/fabien/Documents/Cours/M2 - III/Web/M2_III_Web/back/node_modules/express/lib/router/layer.js:95:5)
    at next (/Users/fabien/Documents/Cours/M2 - III/Web/M2_III_Web/back/node_modules/express/lib/router/route.js:137:13)
    at Route.dispatch (/Users/fabien/Documents/Cours/M2 - III/Web/M2_III_Web/back/node_modules/express/lib/router/route.js:112:3)
    at Layer.handle [as handle_request] (/Users/fabien/Documents/Cours/M2 - III/Web/M2_III_Web/back/node_modules/express/lib/router/layer.js:95:5)
  name: 'TokenExpiredError',
  message: 'jwt expired',
  expiredAt: 2018-09-27T10:00:45.000Z }
[2018-10-26T12:08:15.860] [ERROR] default - Controller Technologies findAll { message: 'Forbidden Access', code: 403 }
[2018-10-26T12:08:15.860] [ERROR] default - Path Technologies GET /technologies { message: 'Forbidden Access', code: 403 }
[2018-10-26T12:08:16.676] [ERROR] default - { TokenExpiredError: jwt expired
    at /Users/fabien/Documents/Cours/M2 - III/Web/M2_III_Web/back/node_modules/jsonwebtoken/verify.js:141:21
    at getSecret (/Users/fabien/Documents/Cours/M2 - III/Web/M2_III_Web/back/node_modules/jsonwebtoken/verify.js:76:14)
    at Object.module.exports [as verify] (/Users/fabien/Documents/Cours/M2 - III/Web/M2_III_Web/back/node_modules/jsonwebtoken/verify.js:80:10)
    at Object.getUserId (/Users/fabien/Documents/Cours/M2 - III/Web/M2_III_Web/back/src/tools/jwt.tool.js:44:36)
    at Object.exports.findAll (/Users/fabien/Documents/Cours/M2 - III/Web/M2_III_Web/back/src/controllers/technologies.controller.js:25:28)
    at /Users/fabien/Documents/Cours/M2 - III/Web/M2_III_Web/back/src/paths/technologies.path.js:48:53
    at Layer.handle [as handle_request] (/Users/fabien/Documents/Cours/M2 - III/Web/M2_III_Web/back/node_modules/express/lib/router/layer.js:95:5)
    at next (/Users/fabien/Documents/Cours/M2 - III/Web/M2_III_Web/back/node_modules/express/lib/router/route.js:137:13)
    at Route.dispatch (/Users/fabien/Documents/Cours/M2 - III/Web/M2_III_Web/back/node_modules/express/lib/router/route.js:112:3)
    at Layer.handle [as handle_request] (/Users/fabien/Documents/Cours/M2 - III/Web/M2_III_Web/back/node_modules/express/lib/router/layer.js:95:5)
  name: 'TokenExpiredError',
  message: 'jwt expired',
  expiredAt: 2018-09-27T10:00:45.000Z }
[2018-10-26T12:08:16.677] [ERROR] default - Controller Technologies findAll { message: 'Forbidden Access', code: 403 }
[2018-10-26T12:08:16.677] [ERROR] default - Path Technologies GET /technologies { message: 'Forbidden Access', code: 403 }
[2018-10-26T13:29:44.770] [ERROR] default - { TokenExpiredError: jwt expired
    at /Users/fabien/Documents/Cours/M2 - III/Web/M2_III_Web/back/node_modules/jsonwebtoken/verify.js:141:21
    at getSecret (/Users/fabien/Documents/Cours/M2 - III/Web/M2_III_Web/back/node_modules/jsonwebtoken/verify.js:76:14)
    at Object.module.exports [as verify] (/Users/fabien/Documents/Cours/M2 - III/Web/M2_III_Web/back/node_modules/jsonwebtoken/verify.js:80:10)
    at Object.getUserId (/Users/fabien/Documents/Cours/M2 - III/Web/M2_III_Web/back/src/tools/jwt.tool.js:44:36)
    at Object.exports.updateById (/Users/fabien/Documents/Cours/M2 - III/Web/M2_III_Web/back/src/controllers/applications.controller.js:175:28)
    at /Users/fabien/Documents/Cours/M2 - III/Web/M2_III_Web/back/src/paths/applications.path.js:339:53
    at Layer.handle [as handle_request] (/Users/fabien/Documents/Cours/M2 - III/Web/M2_III_Web/back/node_modules/express/lib/router/layer.js:95:5)
    at next (/Users/fabien/Documents/Cours/M2 - III/Web/M2_III_Web/back/node_modules/express/lib/router/route.js:137:13)
    at Route.dispatch (/Users/fabien/Documents/Cours/M2 - III/Web/M2_III_Web/back/node_modules/express/lib/router/route.js:112:3)
    at Layer.handle [as handle_request] (/Users/fabien/Documents/Cours/M2 - III/Web/M2_III_Web/back/node_modules/express/lib/router/layer.js:95:5)
  name: 'TokenExpiredError',
  message: 'jwt expired',
  expiredAt: 2018-10-26T09:58:29.000Z }
[2018-10-26T13:29:44.771] [ERROR] default - Controller Applications updateById { message: 'Forbidden Access', code: 403 }
[2018-10-26T13:29:44.772] [ERROR] default - Path Applications PUT /applications/:id { message: 'Forbidden Access', code: 403 }
[2018-10-26T13:30:09.132] [ERROR] default - Service Applications updateById { message: 'This application with this name already exists.',
  code: 400 }
[2018-10-26T13:30:09.132] [ERROR] default - Controller Applications updateById { message: 'This application with this name already exists.',
  code: 400 }
[2018-10-26T13:30:09.132] [ERROR] default - Path Applications PUT /applications/:id { message: 'This application with this name already exists.',
  code: 400 }
[2018-10-26T13:30:13.880] [ERROR] default - Service Applications updateById { message: 'This application with this name already exists.',
  code: 400 }
[2018-10-26T13:30:13.881] [ERROR] default - Controller Applications updateById { message: 'This application with this name already exists.',
  code: 400 }
[2018-10-26T13:30:13.881] [ERROR] default - Path Applications PUT /applications/:id { message: 'This application with this name already exists.',
  code: 400 }
[2018-10-26T13:30:16.895] [ERROR] default - Service Applications updateById { message: 'This application with this name already exists.',
  code: 400 }
[2018-10-26T13:30:16.895] [ERROR] default - Controller Applications updateById { message: 'This application with this name already exists.',
  code: 400 }
[2018-10-26T13:30:16.896] [ERROR] default - Path Applications PUT /applications/:id { message: 'This application with this name already exists.',
  code: 400 }
[2018-10-26T13:39:29.379] [ERROR] default - Service Applications updateById { message: 'This application with this name already exists.',
  code: 400 }
[2018-10-26T13:39:29.380] [ERROR] default - Controller Applications updateById { message: 'This application with this name already exists.',
  code: 400 }
[2018-10-26T13:39:29.380] [ERROR] default - Path Applications PUT /applications/:id { message: 'This application with this name already exists.',
  code: 400 }
[2018-10-26T13:39:37.287] [ERROR] default - { TokenExpiredError: jwt expired
    at /Users/fabien/Documents/Cours/M2 - III/Web/M2_III_Web/back/node_modules/jsonwebtoken/verify.js:141:21
    at getSecret (/Users/fabien/Documents/Cours/M2 - III/Web/M2_III_Web/back/node_modules/jsonwebtoken/verify.js:76:14)
    at Object.module.exports [as verify] (/Users/fabien/Documents/Cours/M2 - III/Web/M2_III_Web/back/node_modules/jsonwebtoken/verify.js:80:10)
    at Object.getUserId (/Users/fabien/Documents/Cours/M2 - III/Web/M2_III_Web/back/src/tools/jwt.tool.js:44:36)
    at Object.exports.findAll (/Users/fabien/Documents/Cours/M2 - III/Web/M2_III_Web/back/src/controllers/applications.controller.js:26:28)
    at /Users/fabien/Documents/Cours/M2 - III/Web/M2_III_Web/back/src/paths/applications.path.js:52:53
    at Layer.handle [as handle_request] (/Users/fabien/Documents/Cours/M2 - III/Web/M2_III_Web/back/node_modules/express/lib/router/layer.js:95:5)
    at next (/Users/fabien/Documents/Cours/M2 - III/Web/M2_III_Web/back/node_modules/express/lib/router/route.js:137:13)
    at Route.dispatch (/Users/fabien/Documents/Cours/M2 - III/Web/M2_III_Web/back/node_modules/express/lib/router/route.js:112:3)
    at Layer.handle [as handle_request] (/Users/fabien/Documents/Cours/M2 - III/Web/M2_III_Web/back/node_modules/express/lib/router/layer.js:95:5)
  name: 'TokenExpiredError',
  message: 'jwt expired',
  expiredAt: 2018-10-26T09:58:29.000Z }
[2018-10-26T13:39:37.288] [ERROR] default - Controller Applications findAll { message: 'Forbidden Access', code: 403 }
[2018-10-26T13:39:37.288] [ERROR] default - Path Applications GET /applications { message: 'Forbidden Access', code: 403 }
[2018-10-26T13:41:50.821] [ERROR] default - Service Applications updateById { message: 'This application with this id not exists.',
  code: 400 }
[2018-10-26T13:41:50.821] [ERROR] default - Controller Applications updateById { message: 'This application with this id not exists.',
  code: 400 }
[2018-10-26T13:41:50.822] [ERROR] default - Path Applications PUT /applications/:id { message: 'This application with this id not exists.',
  code: 400 }
[2018-10-26T13:41:53.134] [ERROR] default - Service Applications updateById { message: 'This application with this id not exists.',
  code: 400 }
[2018-10-26T13:41:53.135] [ERROR] default - Controller Applications updateById { message: 'This application with this id not exists.',
  code: 400 }
[2018-10-26T13:41:53.135] [ERROR] default - Path Applications PUT /applications/:id { message: 'This application with this id not exists.',
  code: 400 }
[2018-10-26T13:41:56.563] [ERROR] default - Service Applications updateById { message: 'This application with this name already exists.',
  code: 400 }
[2018-10-26T13:41:56.564] [ERROR] default - Controller Applications updateById { message: 'This application with this name already exists.',
  code: 400 }
[2018-10-26T13:41:56.564] [ERROR] default - Path Applications PUT /applications/:id { message: 'This application with this name already exists.',
  code: 400 }
[2018-10-27T09:12:34.806] [ERROR] default - { TokenExpiredError: jwt expired
    at /Users/fabien/Documents/Cours/M2 - III/Web/M2_III_Web/back/node_modules/jsonwebtoken/verify.js:141:21
    at getSecret (/Users/fabien/Documents/Cours/M2 - III/Web/M2_III_Web/back/node_modules/jsonwebtoken/verify.js:76:14)
    at Object.module.exports [as verify] (/Users/fabien/Documents/Cours/M2 - III/Web/M2_III_Web/back/node_modules/jsonwebtoken/verify.js:80:10)
    at Object.getUserId (/Users/fabien/Documents/Cours/M2 - III/Web/M2_III_Web/back/src/tools/jwt.tool.js:44:36)
    at Object.exports.findAll (/Users/fabien/Documents/Cours/M2 - III/Web/M2_III_Web/back/src/controllers/technologies.controller.js:25:28)
    at /Users/fabien/Documents/Cours/M2 - III/Web/M2_III_Web/back/src/paths/technologies.path.js:48:53
    at Layer.handle [as handle_request] (/Users/fabien/Documents/Cours/M2 - III/Web/M2_III_Web/back/node_modules/express/lib/router/layer.js:95:5)
    at next (/Users/fabien/Documents/Cours/M2 - III/Web/M2_III_Web/back/node_modules/express/lib/router/route.js:137:13)
    at Route.dispatch (/Users/fabien/Documents/Cours/M2 - III/Web/M2_III_Web/back/node_modules/express/lib/router/route.js:112:3)
    at Layer.handle [as handle_request] (/Users/fabien/Documents/Cours/M2 - III/Web/M2_III_Web/back/node_modules/express/lib/router/layer.js:95:5)
  name: 'TokenExpiredError',
  message: 'jwt expired',
  expiredAt: 2018-09-27T10:00:45.000Z }
[2018-10-27T09:12:34.808] [ERROR] default - Controller Technologies findAll { message: 'Forbidden Access', code: 403 }
[2018-10-27T09:12:34.809] [ERROR] default - Path Technologies GET /technologies { message: 'Forbidden Access', code: 403 }
[2018-10-27T09:13:09.086] [ERROR] default - { TokenExpiredError: jwt expired
    at /Users/fabien/Documents/Cours/M2 - III/Web/M2_III_Web/back/node_modules/jsonwebtoken/verify.js:141:21
    at getSecret (/Users/fabien/Documents/Cours/M2 - III/Web/M2_III_Web/back/node_modules/jsonwebtoken/verify.js:76:14)
    at Object.module.exports [as verify] (/Users/fabien/Documents/Cours/M2 - III/Web/M2_III_Web/back/node_modules/jsonwebtoken/verify.js:80:10)
    at Object.getUserId (/Users/fabien/Documents/Cours/M2 - III/Web/M2_III_Web/back/src/tools/jwt.tool.js:44:36)
    at Object.exports.updateById (/Users/fabien/Documents/Cours/M2 - III/Web/M2_III_Web/back/src/controllers/technologies.controller.js:123:28)
    at /Users/fabien/Documents/Cours/M2 - III/Web/M2_III_Web/back/src/paths/technologies.path.js:233:53
    at Layer.handle [as handle_request] (/Users/fabien/Documents/Cours/M2 - III/Web/M2_III_Web/back/node_modules/express/lib/router/layer.js:95:5)
    at next (/Users/fabien/Documents/Cours/M2 - III/Web/M2_III_Web/back/node_modules/express/lib/router/route.js:137:13)
    at Route.dispatch (/Users/fabien/Documents/Cours/M2 - III/Web/M2_III_Web/back/node_modules/express/lib/router/route.js:112:3)
    at Layer.handle [as handle_request] (/Users/fabien/Documents/Cours/M2 - III/Web/M2_III_Web/back/node_modules/express/lib/router/layer.js:95:5)
  name: 'TokenExpiredError',
  message: 'jwt expired',
  expiredAt: 2018-10-01T19:16:50.000Z }
[2018-10-27T09:13:09.086] [ERROR] default - Controller Technologies updateById { message: 'Forbidden Access', code: 403 }
[2018-10-27T09:13:09.087] [ERROR] default - Path Technologies PUT /technologies/:id { message: 'Forbidden Access', code: 403 }
[2018-10-27T09:13:34.412] [ERROR] default - Service Technologies updateById { message: 'This technology with this name already exists.',
  code: 400 }
[2018-10-27T09:13:34.412] [ERROR] default - Controller Technologies updateById { message: 'This technology with this name already exists.',
  code: 400 }
[2018-10-27T09:13:34.412] [ERROR] default - Path Technologies PUT /technologies/:id { message: 'This technology with this name already exists.',
  code: 400 }
[2018-10-27T09:19:20.401] [ERROR] default - { TokenExpiredError: jwt expired
    at /Users/fabien/Documents/Cours/M2 - III/Web/M2_III_Web/back/node_modules/jsonwebtoken/verify.js:141:21
    at getSecret (/Users/fabien/Documents/Cours/M2 - III/Web/M2_III_Web/back/node_modules/jsonwebtoken/verify.js:76:14)
    at Object.module.exports [as verify] (/Users/fabien/Documents/Cours/M2 - III/Web/M2_III_Web/back/node_modules/jsonwebtoken/verify.js:80:10)
    at Object.getUserId (/Users/fabien/Documents/Cours/M2 - III/Web/M2_III_Web/back/src/tools/jwt.tool.js:44:36)
    at Object.exports.findAll (/Users/fabien/Documents/Cours/M2 - III/Web/M2_III_Web/back/src/controllers/applications.controller.js:26:28)
    at /Users/fabien/Documents/Cours/M2 - III/Web/M2_III_Web/back/src/paths/applications.path.js:52:53
    at Layer.handle [as handle_request] (/Users/fabien/Documents/Cours/M2 - III/Web/M2_III_Web/back/node_modules/express/lib/router/layer.js:95:5)
    at next (/Users/fabien/Documents/Cours/M2 - III/Web/M2_III_Web/back/node_modules/express/lib/router/route.js:137:13)
    at Route.dispatch (/Users/fabien/Documents/Cours/M2 - III/Web/M2_III_Web/back/node_modules/express/lib/router/route.js:112:3)
    at Layer.handle [as handle_request] (/Users/fabien/Documents/Cours/M2 - III/Web/M2_III_Web/back/node_modules/express/lib/router/layer.js:95:5)
  name: 'TokenExpiredError',
  message: 'jwt expired',
  expiredAt: 2018-10-26T09:58:29.000Z }
[2018-10-27T09:19:20.403] [ERROR] default - Controller Applications findAll { message: 'Forbidden Access', code: 403 }
[2018-10-27T09:19:20.403] [ERROR] default - Path Applications GET /applications { message: 'Forbidden Access', code: 403 }
[2018-10-27T09:19:40.944] [ERROR] default - { TokenExpiredError: jwt expired
    at /Users/fabien/Documents/Cours/M2 - III/Web/M2_III_Web/back/node_modules/jsonwebtoken/verify.js:141:21
    at getSecret (/Users/fabien/Documents/Cours/M2 - III/Web/M2_III_Web/back/node_modules/jsonwebtoken/verify.js:76:14)
    at Object.module.exports [as verify] (/Users/fabien/Documents/Cours/M2 - III/Web/M2_III_Web/back/node_modules/jsonwebtoken/verify.js:80:10)
    at Object.getUserId (/Users/fabien/Documents/Cours/M2 - III/Web/M2_III_Web/back/src/tools/jwt.tool.js:44:36)
    at Object.exports.findById (/Users/fabien/Documents/Cours/M2 - III/Web/M2_III_Web/back/src/controllers/applications.controller.js:69:28)
    at /Users/fabien/Documents/Cours/M2 - III/Web/M2_III_Web/back/src/paths/applications.path.js:104:53
    at Layer.handle [as handle_request] (/Users/fabien/Documents/Cours/M2 - III/Web/M2_III_Web/back/node_modules/express/lib/router/layer.js:95:5)
    at next (/Users/fabien/Documents/Cours/M2 - III/Web/M2_III_Web/back/node_modules/express/lib/router/route.js:137:13)
    at Route.dispatch (/Users/fabien/Documents/Cours/M2 - III/Web/M2_III_Web/back/node_modules/express/lib/router/route.js:112:3)
    at Layer.handle [as handle_request] (/Users/fabien/Documents/Cours/M2 - III/Web/M2_III_Web/back/node_modules/express/lib/router/layer.js:95:5)
  name: 'TokenExpiredError',
  message: 'jwt expired',
  expiredAt: 2018-10-26T09:58:29.000Z }
[2018-10-27T09:19:40.944] [ERROR] default - Controller Applications findById { message: 'Forbidden Access', code: 403 }
[2018-10-27T09:19:40.944] [ERROR] default - Path Applications GET /applications/:id { message: 'Forbidden Access', code: 403 }
[2018-10-27T09:19:52.857] [ERROR] default - Service Applications findById { message: 'id is not number', code: 400 }
[2018-10-27T09:19:52.857] [ERROR] default - Controller Applications findById { message: 'id is not number', code: 400 }
[2018-10-27T09:19:52.858] [ERROR] default - Path Applications GET /applications/:id { message: 'id is not number', code: 400 }
[2018-10-27T09:19:55.417] [ERROR] default - Service Applications findById { message: 'id is not number', code: 400 }
[2018-10-27T09:19:55.417] [ERROR] default - Controller Applications findById { message: 'id is not number', code: 400 }
[2018-10-27T09:19:55.417] [ERROR] default - Path Applications GET /applications/:id { message: 'id is not number', code: 400 }
[2018-10-27T09:19:59.190] [ERROR] default - Service Applications findById { message: 'id is not number', code: 400 }
[2018-10-27T09:19:59.190] [ERROR] default - Controller Applications findById { message: 'id is not number', code: 400 }
[2018-10-27T09:19:59.190] [ERROR] default - Path Applications GET /applications/:id { message: 'id is not number', code: 400 }
[2018-10-27T09:20:57.606] [ERROR] default - Controller Applications findAll ReferenceError: id is not defined
    at Object.exports.findAllTechnologies (/Users/fabien/Documents/Cours/M2 - III/Web/M2_III_Web/back/src/controllers/applications.controller.js:53:77)
    at /Users/fabien/Documents/Cours/M2 - III/Web/M2_III_Web/back/src/paths/applications.path.js:147:53
    at Layer.handle [as handle_request] (/Users/fabien/Documents/Cours/M2 - III/Web/M2_III_Web/back/node_modules/express/lib/router/layer.js:95:5)
    at next (/Users/fabien/Documents/Cours/M2 - III/Web/M2_III_Web/back/node_modules/express/lib/router/route.js:137:13)
    at Route.dispatch (/Users/fabien/Documents/Cours/M2 - III/Web/M2_III_Web/back/node_modules/express/lib/router/route.js:112:3)
    at Layer.handle [as handle_request] (/Users/fabien/Documents/Cours/M2 - III/Web/M2_III_Web/back/node_modules/express/lib/router/layer.js:95:5)
    at /Users/fabien/Documents/Cours/M2 - III/Web/M2_III_Web/back/node_modules/express/lib/router/index.js:281:22
    at param (/Users/fabien/Documents/Cours/M2 - III/Web/M2_III_Web/back/node_modules/express/lib/router/index.js:354:14)
    at param (/Users/fabien/Documents/Cours/M2 - III/Web/M2_III_Web/back/node_modules/express/lib/router/index.js:365:14)
    at Function.process_params (/Users/fabien/Documents/Cours/M2 - III/Web/M2_III_Web/back/node_modules/express/lib/router/index.js:410:3)
[2018-10-27T09:20:57.607] [ERROR] default - Path Applications GET /applications/:id/technologies ReferenceError: id is not defined
    at Object.exports.findAllTechnologies (/Users/fabien/Documents/Cours/M2 - III/Web/M2_III_Web/back/src/controllers/applications.controller.js:53:77)
    at /Users/fabien/Documents/Cours/M2 - III/Web/M2_III_Web/back/src/paths/applications.path.js:147:53
    at Layer.handle [as handle_request] (/Users/fabien/Documents/Cours/M2 - III/Web/M2_III_Web/back/node_modules/express/lib/router/layer.js:95:5)
    at next (/Users/fabien/Documents/Cours/M2 - III/Web/M2_III_Web/back/node_modules/express/lib/router/route.js:137:13)
    at Route.dispatch (/Users/fabien/Documents/Cours/M2 - III/Web/M2_III_Web/back/node_modules/express/lib/router/route.js:112:3)
    at Layer.handle [as handle_request] (/Users/fabien/Documents/Cours/M2 - III/Web/M2_III_Web/back/node_modules/express/lib/router/layer.js:95:5)
    at /Users/fabien/Documents/Cours/M2 - III/Web/M2_III_Web/back/node_modules/express/lib/router/index.js:281:22
    at param (/Users/fabien/Documents/Cours/M2 - III/Web/M2_III_Web/back/node_modules/express/lib/router/index.js:354:14)
    at param (/Users/fabien/Documents/Cours/M2 - III/Web/M2_III_Web/back/node_modules/express/lib/router/index.js:365:14)
    at Function.process_params (/Users/fabien/Documents/Cours/M2 - III/Web/M2_III_Web/back/node_modules/express/lib/router/index.js:410:3)
[2018-10-27T09:21:34.052] [ERROR] default - Service Applications_technologies findByIdApplications ReferenceError: id is not defined
    at Object.exports.findByIdApplications (/Users/fabien/Documents/Cours/M2 - III/Web/M2_III_Web/back/src/services/applications_technologies.service.js:71:23)
    at Object.exports.findAllTechnologies (/Users/fabien/Documents/Cours/M2 - III/Web/M2_III_Web/back/src/controllers/applications.controller.js:53:56)
    at /Users/fabien/Documents/Cours/M2 - III/Web/M2_III_Web/back/src/paths/applications.path.js:147:53
    at Layer.handle [as handle_request] (/Users/fabien/Documents/Cours/M2 - III/Web/M2_III_Web/back/node_modules/express/lib/router/layer.js:95:5)
    at next (/Users/fabien/Documents/Cours/M2 - III/Web/M2_III_Web/back/node_modules/express/lib/router/route.js:137:13)
    at Route.dispatch (/Users/fabien/Documents/Cours/M2 - III/Web/M2_III_Web/back/node_modules/express/lib/router/route.js:112:3)
    at Layer.handle [as handle_request] (/Users/fabien/Documents/Cours/M2 - III/Web/M2_III_Web/back/node_modules/express/lib/router/layer.js:95:5)
    at /Users/fabien/Documents/Cours/M2 - III/Web/M2_III_Web/back/node_modules/express/lib/router/index.js:281:22
    at param (/Users/fabien/Documents/Cours/M2 - III/Web/M2_III_Web/back/node_modules/express/lib/router/index.js:354:14)
    at param (/Users/fabien/Documents/Cours/M2 - III/Web/M2_III_Web/back/node_modules/express/lib/router/index.js:365:14)
[2018-10-27T09:21:34.053] [ERROR] default - Controller Applications findAll ReferenceError: id is not defined
    at Object.exports.findByIdApplications (/Users/fabien/Documents/Cours/M2 - III/Web/M2_III_Web/back/src/services/applications_technologies.service.js:71:23)
    at Object.exports.findAllTechnologies (/Users/fabien/Documents/Cours/M2 - III/Web/M2_III_Web/back/src/controllers/applications.controller.js:53:56)
    at /Users/fabien/Documents/Cours/M2 - III/Web/M2_III_Web/back/src/paths/applications.path.js:147:53
    at Layer.handle [as handle_request] (/Users/fabien/Documents/Cours/M2 - III/Web/M2_III_Web/back/node_modules/express/lib/router/layer.js:95:5)
    at next (/Users/fabien/Documents/Cours/M2 - III/Web/M2_III_Web/back/node_modules/express/lib/router/route.js:137:13)
    at Route.dispatch (/Users/fabien/Documents/Cours/M2 - III/Web/M2_III_Web/back/node_modules/express/lib/router/route.js:112:3)
    at Layer.handle [as handle_request] (/Users/fabien/Documents/Cours/M2 - III/Web/M2_III_Web/back/node_modules/express/lib/router/layer.js:95:5)
    at /Users/fabien/Documents/Cours/M2 - III/Web/M2_III_Web/back/node_modules/express/lib/router/index.js:281:22
    at param (/Users/fabien/Documents/Cours/M2 - III/Web/M2_III_Web/back/node_modules/express/lib/router/index.js:354:14)
    at param (/Users/fabien/Documents/Cours/M2 - III/Web/M2_III_Web/back/node_modules/express/lib/router/index.js:365:14)
[2018-10-27T09:21:34.053] [ERROR] default - Path Applications GET /applications/:id/technologies ReferenceError: id is not defined
    at Object.exports.findByIdApplications (/Users/fabien/Documents/Cours/M2 - III/Web/M2_III_Web/back/src/services/applications_technologies.service.js:71:23)
    at Object.exports.findAllTechnologies (/Users/fabien/Documents/Cours/M2 - III/Web/M2_III_Web/back/src/controllers/applications.controller.js:53:56)
    at /Users/fabien/Documents/Cours/M2 - III/Web/M2_III_Web/back/src/paths/applications.path.js:147:53
    at Layer.handle [as handle_request] (/Users/fabien/Documents/Cours/M2 - III/Web/M2_III_Web/back/node_modules/express/lib/router/layer.js:95:5)
    at next (/Users/fabien/Documents/Cours/M2 - III/Web/M2_III_Web/back/node_modules/express/lib/router/route.js:137:13)
    at Route.dispatch (/Users/fabien/Documents/Cours/M2 - III/Web/M2_III_Web/back/node_modules/express/lib/router/route.js:112:3)
    at Layer.handle [as handle_request] (/Users/fabien/Documents/Cours/M2 - III/Web/M2_III_Web/back/node_modules/express/lib/router/layer.js:95:5)
    at /Users/fabien/Documents/Cours/M2 - III/Web/M2_III_Web/back/node_modules/express/lib/router/index.js:281:22
    at param (/Users/fabien/Documents/Cours/M2 - III/Web/M2_III_Web/back/node_modules/express/lib/router/index.js:354:14)
    at param (/Users/fabien/Documents/Cours/M2 - III/Web/M2_III_Web/back/node_modules/express/lib/router/index.js:365:14)
[2018-10-27T09:23:35.901] [ERROR] default - { TokenExpiredError: jwt expired
    at /Users/fabien/Documents/Cours/M2 - III/Web/M2_III_Web/back/node_modules/jsonwebtoken/verify.js:141:21
    at getSecret (/Users/fabien/Documents/Cours/M2 - III/Web/M2_III_Web/back/node_modules/jsonwebtoken/verify.js:76:14)
    at Object.module.exports [as verify] (/Users/fabien/Documents/Cours/M2 - III/Web/M2_III_Web/back/node_modules/jsonwebtoken/verify.js:80:10)
    at Object.getUserId (/Users/fabien/Documents/Cours/M2 - III/Web/M2_III_Web/back/src/tools/jwt.tool.js:44:36)
    at Object.exports.findAllTechnologies (/Users/fabien/Documents/Cours/M2 - III/Web/M2_III_Web/back/src/controllers/applications.controller.js:47:28)
    at /Users/fabien/Documents/Cours/M2 - III/Web/M2_III_Web/back/src/paths/applications.path.js:147:53
    at Layer.handle [as handle_request] (/Users/fabien/Documents/Cours/M2 - III/Web/M2_III_Web/back/node_modules/express/lib/router/layer.js:95:5)
    at next (/Users/fabien/Documents/Cours/M2 - III/Web/M2_III_Web/back/node_modules/express/lib/router/route.js:137:13)
    at Route.dispatch (/Users/fabien/Documents/Cours/M2 - III/Web/M2_III_Web/back/node_modules/express/lib/router/route.js:112:3)
    at Layer.handle [as handle_request] (/Users/fabien/Documents/Cours/M2 - III/Web/M2_III_Web/back/node_modules/express/lib/router/layer.js:95:5)
  name: 'TokenExpiredError',
  message: 'jwt expired',
  expiredAt: 2018-10-26T09:58:29.000Z }
[2018-10-27T09:23:35.902] [ERROR] default - Controller Applications findAll { message: 'Forbidden Access', code: 403 }
[2018-10-27T09:23:35.903] [ERROR] default - Path Applications GET /applications/:id/technologies { message: 'Forbidden Access', code: 403 }
[2018-10-27T09:31:10.522] [ERROR] default - Path Applications POST /applications/:id/technologies { message: 'Missing param(s)', code: 400 }
[2018-10-27T09:31:46.516] [ERROR] default - { TokenExpiredError: jwt expired
    at /Users/fabien/Documents/Cours/M2 - III/Web/M2_III_Web/back/node_modules/jsonwebtoken/verify.js:141:21
    at getSecret (/Users/fabien/Documents/Cours/M2 - III/Web/M2_III_Web/back/node_modules/jsonwebtoken/verify.js:76:14)
    at Object.module.exports [as verify] (/Users/fabien/Documents/Cours/M2 - III/Web/M2_III_Web/back/node_modules/jsonwebtoken/verify.js:80:10)
    at Object.getUserId (/Users/fabien/Documents/Cours/M2 - III/Web/M2_III_Web/back/src/tools/jwt.tool.js:44:36)
    at Object.exports.addTechnology (/Users/fabien/Documents/Cours/M2 - III/Web/M2_III_Web/back/src/controllers/applications.controller.js:115:28)
    at /Users/fabien/Documents/Cours/M2 - III/Web/M2_III_Web/back/src/paths/applications.path.js:240:53
    at Layer.handle [as handle_request] (/Users/fabien/Documents/Cours/M2 - III/Web/M2_III_Web/back/node_modules/express/lib/router/layer.js:95:5)
    at next (/Users/fabien/Documents/Cours/M2 - III/Web/M2_III_Web/back/node_modules/express/lib/router/route.js:137:13)
    at Route.dispatch (/Users/fabien/Documents/Cours/M2 - III/Web/M2_III_Web/back/node_modules/express/lib/router/route.js:112:3)
    at Layer.handle [as handle_request] (/Users/fabien/Documents/Cours/M2 - III/Web/M2_III_Web/back/node_modules/express/lib/router/layer.js:95:5)
  name: 'TokenExpiredError',
  message: 'jwt expired',
  expiredAt: 2018-10-26T09:58:29.000Z }
[2018-10-27T09:31:46.517] [ERROR] default - Controller Applications addTechnologies { message: 'Forbidden Access', code: 403 }
[2018-10-27T09:31:46.517] [ERROR] default - Path Applications POST /applications/:id/technologies { message: 'Forbidden Access', code: 403 }
[2018-10-27T09:32:08.666] [ERROR] default - Repository Applications_technologies add { error: column "id_flows" of relation "applications_technologies" does not exist
    at Connection.parseE (/Users/fabien/Documents/Cours/M2 - III/Web/M2_III_Web/back/node_modules/pg/lib/connection.js:553:11)
    at Connection.parseMessage (/Users/fabien/Documents/Cours/M2 - III/Web/M2_III_Web/back/node_modules/pg/lib/connection.js:378:19)
    at Socket.<anonymous> (/Users/fabien/Documents/Cours/M2 - III/Web/M2_III_Web/back/node_modules/pg/lib/connection.js:119:22)
    at Socket.emit (events.js:182:13)
    at addChunk (_stream_readable.js:283:12)
    at readableAddChunk (_stream_readable.js:264:11)
    at Socket.Readable.push (_stream_readable.js:219:10)
    at TCP.onStreamRead [as onread] (internal/stream_base_commons.js:94:17)
  name: 'error',
  length: 146,
  severity: 'ERROR',
  code: '42703',
  detail: undefined,
  hint: undefined,
  position: '40',
  internalPosition: undefined,
  internalQuery: undefined,
  where: undefined,
  schema: undefined,
  table: undefined,
  column: undefined,
  dataType: undefined,
  constraint: undefined,
  file: 'parse_target.c',
  line: '1005',
  routine: 'checkInsertTargets' }
[2018-10-27T09:32:08.667] [ERROR] default - Service Applications_technologies add { message: 'Internal DataBase Error', code: 500 }
[2018-10-27T09:32:08.668] [ERROR] default - Controller Applications addTechnologies { message: 'Internal DataBase Error', code: 500 }
[2018-10-27T09:32:08.668] [ERROR] default - Path Applications POST /applications/:id/technologies { message: 'Internal DataBase Error', code: 500 }
[2018-10-27T10:24:32.315] [ERROR] default - { TokenExpiredError: jwt expired
    at /Users/fabien/Documents/Cours/M2 - III/Web/M2_III_Web/back/node_modules/jsonwebtoken/verify.js:141:21
    at getSecret (/Users/fabien/Documents/Cours/M2 - III/Web/M2_III_Web/back/node_modules/jsonwebtoken/verify.js:76:14)
    at Object.module.exports [as verify] (/Users/fabien/Documents/Cours/M2 - III/Web/M2_III_Web/back/node_modules/jsonwebtoken/verify.js:80:10)
    at Object.getUserId (/Users/fabien/Documents/Cours/M2 - III/Web/M2_III_Web/back/src/tools/jwt.tool.js:44:36)
    at Object.exports.findAllTechnologies (/Users/fabien/Documents/Cours/M2 - III/Web/M2_III_Web/back/src/controllers/applications.controller.js:47:28)
    at /Users/fabien/Documents/Cours/M2 - III/Web/M2_III_Web/back/src/paths/applications.path.js:147:53
    at Layer.handle [as handle_request] (/Users/fabien/Documents/Cours/M2 - III/Web/M2_III_Web/back/node_modules/express/lib/router/layer.js:95:5)
    at next (/Users/fabien/Documents/Cours/M2 - III/Web/M2_III_Web/back/node_modules/express/lib/router/route.js:137:13)
    at Route.dispatch (/Users/fabien/Documents/Cours/M2 - III/Web/M2_III_Web/back/node_modules/express/lib/router/route.js:112:3)
    at Layer.handle [as handle_request] (/Users/fabien/Documents/Cours/M2 - III/Web/M2_III_Web/back/node_modules/express/lib/router/layer.js:95:5)
  name: 'TokenExpiredError',
  message: 'jwt expired',
  expiredAt: 2018-10-27T08:19:24.000Z }
[2018-10-27T10:24:32.316] [ERROR] default - Controller Applications findAll { message: 'Forbidden Access', code: 403 }
[2018-10-27T10:24:32.317] [ERROR] default - Path Applications GET /applications/:id/technologies { message: 'Forbidden Access', code: 403 }
[2018-10-27T10:24:50.378] [ERROR] default - Service Applications_technologies add TypeError: this.findByIdApplicationsAndIdTechnologies is not a function
    at Object.exports.add (/Users/fabien/Documents/Cours/M2 - III/Web/M2_III_Web/back/src/services/applications_technologies.service.js:118:52)
    at Object.exports.addTechnology (/Users/fabien/Documents/Cours/M2 - III/Web/M2_III_Web/back/src/controllers/applications.controller.js:129:56)
    at process._tickCallback (internal/process/next_tick.js:68:7)
[2018-10-27T10:24:50.378] [ERROR] default - Controller Applications addTechnologies TypeError: this.findByIdApplicationsAndIdTechnologies is not a function
    at Object.exports.add (/Users/fabien/Documents/Cours/M2 - III/Web/M2_III_Web/back/src/services/applications_technologies.service.js:118:52)
    at Object.exports.addTechnology (/Users/fabien/Documents/Cours/M2 - III/Web/M2_III_Web/back/src/controllers/applications.controller.js:129:56)
    at process._tickCallback (internal/process/next_tick.js:68:7)
[2018-10-27T10:24:50.378] [ERROR] default - Path Applications POST /applications/:id/technologies TypeError: this.findByIdApplicationsAndIdTechnologies is not a function
    at Object.exports.add (/Users/fabien/Documents/Cours/M2 - III/Web/M2_III_Web/back/src/services/applications_technologies.service.js:118:52)
    at Object.exports.addTechnology (/Users/fabien/Documents/Cours/M2 - III/Web/M2_III_Web/back/src/controllers/applications.controller.js:129:56)
    at process._tickCallback (internal/process/next_tick.js:68:7)
[2018-10-27T10:38:50.426] [ERROR] default - Service Applications_technologies findByIdApplicationsAndIdTechnologies { message: 'id empty or null', code: 400 }
[2018-10-27T10:38:50.428] [ERROR] default - Service Applications_technologies add { message: 'id empty or null', code: 400 }
[2018-10-27T10:38:50.428] [ERROR] default - Controller Applications addTechnologies { message: 'id empty or null', code: 400 }
[2018-10-27T10:38:50.428] [ERROR] default - Path Applications POST /applications/:id/technologies { message: 'id empty or null', code: 400 }
[2018-10-27T10:39:49.676] [ERROR] default - Service Applications_technologies findByIdApplicationsAndIdTechnologies { message: 'id_technologies empty or null', code: 400 }
[2018-10-27T10:39:49.678] [ERROR] default - Service Applications_technologies add { message: 'id_technologies empty or null', code: 400 }
[2018-10-27T10:39:49.678] [ERROR] default - Controller Applications addTechnologies { message: 'id_technologies empty or null', code: 400 }
[2018-10-27T10:39:49.678] [ERROR] default - Path Applications POST /applications/:id/technologies { message: 'id_technologies empty or null', code: 400 }
[2018-10-27T10:41:12.394] [ERROR] default - Service Applications_technologies add { message: 'id_technologies empty or null', code: 400 }
[2018-10-27T10:41:12.394] [ERROR] default - Controller Applications addTechnologies { message: 'id_technologies empty or null', code: 400 }
[2018-10-27T10:41:12.395] [ERROR] default - Path Applications POST /applications/:id/technologies { message: 'id_technologies empty or null', code: 400 }
[2018-10-27T10:41:20.978] [ERROR] default - Service Applications_technologies add { message: 'id_technologies empty or null', code: 400 }
[2018-10-27T10:41:20.979] [ERROR] default - Controller Applications addTechnologies { message: 'id_technologies empty or null', code: 400 }
[2018-10-27T10:41:20.979] [ERROR] default - Path Applications POST /applications/:id/technologies { message: 'id_technologies empty or null', code: 400 }
[2018-10-27T10:41:22.839] [ERROR] default - Service Applications_technologies add { message: 'id_technologies empty or null', code: 400 }
[2018-10-27T10:41:22.839] [ERROR] default - Controller Applications addTechnologies { message: 'id_technologies empty or null', code: 400 }
[2018-10-27T10:41:22.839] [ERROR] default - Path Applications POST /applications/:id/technologies { message: 'id_technologies empty or null', code: 400 }
[2018-10-27T10:42:04.178] [ERROR] default - Service Applications_technologies add { message: 'id_technologies empty or null', code: 400 }
[2018-10-27T10:42:04.179] [ERROR] default - Controller Applications addTechnologies { message: 'id_technologies empty or null', code: 400 }
[2018-10-27T10:42:04.180] [ERROR] default - Path Applications POST /applications/:id/technologies { message: 'id_technologies empty or null', code: 400 }
[2018-10-27T10:42:42.258] [ERROR] default - Service Applications_technologies add ReferenceError: id_applications is not defined
    at Object.exports.add (/Users/fabien/Documents/Cours/M2 - III/Web/M2_III_Web/back/src/services/applications_technologies.service.js:131:38)
    at Object.exports.addTechnology (/Users/fabien/Documents/Cours/M2 - III/Web/M2_III_Web/back/src/controllers/applications.controller.js:130:56)
    at process._tickCallback (internal/process/next_tick.js:68:7)
[2018-10-27T10:42:42.259] [ERROR] default - Controller Applications addTechnologies ReferenceError: id_applications is not defined
    at Object.exports.add (/Users/fabien/Documents/Cours/M2 - III/Web/M2_III_Web/back/src/services/applications_technologies.service.js:131:38)
    at Object.exports.addTechnology (/Users/fabien/Documents/Cours/M2 - III/Web/M2_III_Web/back/src/controllers/applications.controller.js:130:56)
    at process._tickCallback (internal/process/next_tick.js:68:7)
[2018-10-27T10:42:42.259] [ERROR] default - Path Applications POST /applications/:id/technologies ReferenceError: id_applications is not defined
    at Object.exports.add (/Users/fabien/Documents/Cours/M2 - III/Web/M2_III_Web/back/src/services/applications_technologies.service.js:131:38)
    at Object.exports.addTechnology (/Users/fabien/Documents/Cours/M2 - III/Web/M2_III_Web/back/src/controllers/applications.controller.js:130:56)
    at process._tickCallback (internal/process/next_tick.js:68:7)
[2018-10-27T10:43:58.322] [ERROR] default - Service Applications_technologies add { message: 'id_technologies empty or null', code: 400 }
[2018-10-27T10:43:58.323] [ERROR] default - Controller Applications addTechnologies { message: 'id_technologies empty or null', code: 400 }
[2018-10-27T10:43:58.323] [ERROR] default - Path Applications POST /applications/:id/technologies { message: 'id_technologies empty or null', code: 400 }
[2018-10-27T10:47:50.245] [ERROR] default - Service Applications_technologies add { message: 'id_technologies empty or null', code: 400 }
[2018-10-27T10:47:50.246] [ERROR] default - Controller Applications addTechnologies { message: 'id_technologies empty or null', code: 400 }
[2018-10-27T10:47:50.246] [ERROR] default - Path Applications POST /applications/:id/technologies { message: 'id_technologies empty or null', code: 400 }
[2018-10-27T10:48:43.056] [ERROR] default - Service Applications_technologies add { message: 'id_technologies empty or null', code: 400 }
[2018-10-27T10:48:43.057] [ERROR] default - Controller Applications addTechnologies { message: 'id_technologies empty or null', code: 400 }
[2018-10-27T10:48:43.057] [ERROR] default - Path Applications POST /applications/:id/technologies { message: 'id_technologies empty or null', code: 400 }
[2018-10-28T08:49:33.595] [ERROR] default - { TokenExpiredError: jwt expired
    at /Users/fabien/Documents/Cours/M2 - III/Web/M2_III_Web/back/node_modules/jsonwebtoken/verify.js:141:21
    at getSecret (/Users/fabien/Documents/Cours/M2 - III/Web/M2_III_Web/back/node_modules/jsonwebtoken/verify.js:76:14)
    at Object.module.exports [as verify] (/Users/fabien/Documents/Cours/M2 - III/Web/M2_III_Web/back/node_modules/jsonwebtoken/verify.js:80:10)
    at Object.getUserId (/Users/fabien/Documents/Cours/M2 - III/Web/M2_III_Web/back/src/tools/jwt.tool.js:44:36)
    at Object.exports.addTechnology (/Users/fabien/Documents/Cours/M2 - III/Web/M2_III_Web/back/src/controllers/applications.controller.js:115:28)
    at /Users/fabien/Documents/Cours/M2 - III/Web/M2_III_Web/back/src/paths/applications.path.js:240:53
    at Layer.handle [as handle_request] (/Users/fabien/Documents/Cours/M2 - III/Web/M2_III_Web/back/node_modules/express/lib/router/layer.js:95:5)
    at next (/Users/fabien/Documents/Cours/M2 - III/Web/M2_III_Web/back/node_modules/express/lib/router/route.js:137:13)
    at Route.dispatch (/Users/fabien/Documents/Cours/M2 - III/Web/M2_III_Web/back/node_modules/express/lib/router/route.js:112:3)
    at Layer.handle [as handle_request] (/Users/fabien/Documents/Cours/M2 - III/Web/M2_III_Web/back/node_modules/express/lib/router/layer.js:95:5)
  name: 'TokenExpiredError',
  message: 'jwt expired',
  expiredAt: 2018-10-27T09:24:35.000Z }
[2018-10-28T08:49:33.596] [ERROR] default - Controller Applications addTechnologies { message: 'Forbidden Access', code: 403 }
[2018-10-28T08:49:33.597] [ERROR] default - Path Applications POST /applications/:id/technologies { message: 'Forbidden Access', code: 403 }
[2018-10-28T08:49:50.306] [ERROR] default - Service Applications_technologies add { message: 'id_technologies empty or null', code: 400 }
[2018-10-28T08:49:50.307] [ERROR] default - Controller Applications addTechnologies { message: 'id_technologies empty or null', code: 400 }
[2018-10-28T08:49:50.307] [ERROR] default - Path Applications POST /applications/:id/technologies { message: 'id_technologies empty or null', code: 400 }
[2018-10-28T08:51:51.819] [ERROR] default - Service Applications_technologies findByIdApplicationsAndIdTechnologies { message: 'id_technologies empty or null', code: 400 }
[2018-10-28T08:51:51.820] [ERROR] default - Service Applications_technologies add { message: 'id_technologies empty or null', code: 400 }
[2018-10-28T08:51:51.820] [ERROR] default - Controller Applications addTechnologies { message: 'id_technologies empty or null', code: 400 }
[2018-10-28T08:51:51.821] [ERROR] default - Path Applications POST /applications/:id/technologies { message: 'id_technologies empty or null', code: 400 }
[2018-10-28T08:53:18.445] [ERROR] default - Repository Applications_technologies add { error: insert or update on table "applications_technologies" violates foreign key constraint "applications_technologies_id_applications_fkey"
    at Connection.parseE (/Users/fabien/Documents/Cours/M2 - III/Web/M2_III_Web/back/node_modules/pg/lib/connection.js:553:11)
    at Connection.parseMessage (/Users/fabien/Documents/Cours/M2 - III/Web/M2_III_Web/back/node_modules/pg/lib/connection.js:378:19)
    at Socket.<anonymous> (/Users/fabien/Documents/Cours/M2 - III/Web/M2_III_Web/back/node_modules/pg/lib/connection.js:119:22)
    at Socket.emit (events.js:182:13)
    at addChunk (_stream_readable.js:283:12)
    at readableAddChunk (_stream_readable.js:264:11)
    at Socket.Readable.push (_stream_readable.js:219:10)
    at TCP.onStreamRead [as onread] (internal/stream_base_commons.js:94:17)
  name: 'error',
  length: 353,
  severity: 'ERROR',
  code: '23503',
  detail:
   'Key (id_applications)=(3) is not present in table "applications".',
  hint: undefined,
  position: undefined,
  internalPosition: undefined,
  internalQuery: undefined,
  where: undefined,
  schema: 'public',
  table: 'applications_technologies',
  column: undefined,
  dataType: undefined,
  constraint: 'applications_technologies_id_applications_fkey',
  file: 'ri_triggers.c',
  line: '3266',
  routine: 'ri_ReportViolation' }
[2018-10-28T08:53:18.446] [ERROR] default - Service Applications_technologies add { message: 'Internal DataBase Error', code: 500 }
[2018-10-28T08:53:18.446] [ERROR] default - Controller Applications addTechnologies { message: 'Internal DataBase Error', code: 500 }
[2018-10-28T08:53:18.446] [ERROR] default - Path Applications POST /applications/:id/technologies { message: 'Internal DataBase Error', code: 500 }
[2018-10-28T08:54:25.444] [ERROR] default - Repository Applications_technologies add { error: insert or update on table "applications_technologies" violates foreign key constraint "applications_technologies_id_applications_fkey"
    at Connection.parseE (/Users/fabien/Documents/Cours/M2 - III/Web/M2_III_Web/back/node_modules/pg/lib/connection.js:553:11)
    at Connection.parseMessage (/Users/fabien/Documents/Cours/M2 - III/Web/M2_III_Web/back/node_modules/pg/lib/connection.js:378:19)
    at Socket.<anonymous> (/Users/fabien/Documents/Cours/M2 - III/Web/M2_III_Web/back/node_modules/pg/lib/connection.js:119:22)
    at Socket.emit (events.js:182:13)
    at addChunk (_stream_readable.js:283:12)
    at readableAddChunk (_stream_readable.js:264:11)
    at Socket.Readable.push (_stream_readable.js:219:10)
    at TCP.onStreamRead [as onread] (internal/stream_base_commons.js:94:17)
  name: 'error',
  length: 353,
  severity: 'ERROR',
  code: '23503',
  detail:
   'Key (id_applications)=(1) is not present in table "applications".',
  hint: undefined,
  position: undefined,
  internalPosition: undefined,
  internalQuery: undefined,
  where: undefined,
  schema: 'public',
  table: 'applications_technologies',
  column: undefined,
  dataType: undefined,
  constraint: 'applications_technologies_id_applications_fkey',
  file: 'ri_triggers.c',
  line: '3266',
  routine: 'ri_ReportViolation' }
[2018-10-28T08:54:25.445] [ERROR] default - Service Applications_technologies add { message: 'Internal DataBase Error', code: 500 }
[2018-10-28T08:54:25.445] [ERROR] default - Controller Applications addTechnologies { message: 'Internal DataBase Error', code: 500 }
[2018-10-28T08:54:25.445] [ERROR] default - Path Applications POST /applications/:id/technologies { message: 'Internal DataBase Error', code: 500 }
[2018-10-28T08:54:33.421] [ERROR] default - Service Applications_technologies add { message: 'This technology is always bind with this application',
  code: 400 }
[2018-10-28T08:54:33.421] [ERROR] default - Controller Applications addTechnologies { message: 'This technology is always bind with this application',
  code: 400 }
[2018-10-28T08:54:33.421] [ERROR] default - Path Applications POST /applications/:id/technologies { message: 'This technology is always bind with this application',
  code: 400 }
[2018-10-28T08:55:58.559] [ERROR] default - { TokenExpiredError: jwt expired
    at /Users/fabien/Documents/Cours/M2 - III/Web/M2_III_Web/back/node_modules/jsonwebtoken/verify.js:141:21
    at getSecret (/Users/fabien/Documents/Cours/M2 - III/Web/M2_III_Web/back/node_modules/jsonwebtoken/verify.js:76:14)
    at Object.module.exports [as verify] (/Users/fabien/Documents/Cours/M2 - III/Web/M2_III_Web/back/node_modules/jsonwebtoken/verify.js:80:10)
    at Object.getUserId (/Users/fabien/Documents/Cours/M2 - III/Web/M2_III_Web/back/src/tools/jwt.tool.js:44:36)
    at Object.exports.findAll (/Users/fabien/Documents/Cours/M2 - III/Web/M2_III_Web/back/src/controllers/technologies.controller.js:25:28)
    at /Users/fabien/Documents/Cours/M2 - III/Web/M2_III_Web/back/src/paths/technologies.path.js:48:53
    at Layer.handle [as handle_request] (/Users/fabien/Documents/Cours/M2 - III/Web/M2_III_Web/back/node_modules/express/lib/router/layer.js:95:5)
    at next (/Users/fabien/Documents/Cours/M2 - III/Web/M2_III_Web/back/node_modules/express/lib/router/route.js:137:13)
    at Route.dispatch (/Users/fabien/Documents/Cours/M2 - III/Web/M2_III_Web/back/node_modules/express/lib/router/route.js:112:3)
    at Layer.handle [as handle_request] (/Users/fabien/Documents/Cours/M2 - III/Web/M2_III_Web/back/node_modules/express/lib/router/layer.js:95:5)
  name: 'TokenExpiredError',
  message: 'jwt expired',
  expiredAt: 2018-09-27T10:00:45.000Z }
[2018-10-28T08:55:58.561] [ERROR] default - Controller Technologies findAll { message: 'Forbidden Access', code: 403 }
[2018-10-28T08:55:58.561] [ERROR] default - Path Technologies GET /technologies { message: 'Forbidden Access', code: 403 }
[2018-10-28T08:56:31.049] [ERROR] default - Service Applications_technologies add { message: 'id_applications not exists', code: 400 }
[2018-10-28T08:56:31.050] [ERROR] default - Controller Applications addTechnologies { message: 'id_applications not exists', code: 400 }
[2018-10-28T08:56:31.050] [ERROR] default - Path Applications POST /applications/:id/technologies { message: 'id_applications not exists', code: 400 }
[2018-10-28T08:56:37.832] [ERROR] default - Service Applications_technologies add { message: 'id_applications not exists', code: 400 }
[2018-10-28T08:56:37.833] [ERROR] default - Controller Applications addTechnologies { message: 'id_applications not exists', code: 400 }
[2018-10-28T08:56:37.833] [ERROR] default - Path Applications POST /applications/:id/technologies { message: 'id_applications not exists', code: 400 }
[2018-10-28T08:56:41.511] [ERROR] default - Service Applications_technologies add { message: 'id_applications not exists', code: 400 }
[2018-10-28T08:56:41.512] [ERROR] default - Controller Applications addTechnologies { message: 'id_applications not exists', code: 400 }
[2018-10-28T08:56:41.512] [ERROR] default - Path Applications POST /applications/:id/technologies { message: 'id_applications not exists', code: 400 }
[2018-10-28T08:56:46.234] [ERROR] default - Service Applications_technologies add { message: 'id_applications not exists', code: 400 }
[2018-10-28T08:56:46.235] [ERROR] default - Controller Applications addTechnologies { message: 'id_applications not exists', code: 400 }
[2018-10-28T08:56:46.235] [ERROR] default - Path Applications POST /applications/:id/technologies { message: 'id_applications not exists', code: 400 }
[2018-10-28T08:56:49.197] [ERROR] default - Service Applications_technologies add { message: 'id_applications not exists', code: 400 }
[2018-10-28T08:56:49.197] [ERROR] default - Controller Applications addTechnologies { message: 'id_applications not exists', code: 400 }
[2018-10-28T08:56:49.197] [ERROR] default - Path Applications POST /applications/:id/technologies { message: 'id_applications not exists', code: 400 }
[2018-10-28T08:56:51.712] [ERROR] default - Service Applications_technologies add { message: 'id_applications not exists', code: 400 }
[2018-10-28T08:56:51.713] [ERROR] default - Controller Applications addTechnologies { message: 'id_applications not exists', code: 400 }
[2018-10-28T08:56:51.713] [ERROR] default - Path Applications POST /applications/:id/technologies { message: 'id_applications not exists', code: 400 }
[2018-10-28T09:04:39.162] [ERROR] default - Service Applications_technologies add { message: 'id_applications not exists', code: 400 }
[2018-10-28T09:04:39.163] [ERROR] default - Controller Applications addTechnologies { message: 'id_applications not exists', code: 400 }
[2018-10-28T09:04:39.163] [ERROR] default - Path Applications POST /applications/:id/technologies { message: 'id_applications not exists', code: 400 }
[2018-10-28T09:05:05.294] [ERROR] default - Service Applications_technologies add { message: 'This technology is always bind with this application',
  code: 400 }
[2018-10-28T09:05:05.295] [ERROR] default - Controller Applications addTechnologies { message: 'This technology is always bind with this application',
  code: 400 }
[2018-10-28T09:05:05.295] [ERROR] default - Path Applications POST /applications/:id/technologies { message: 'This technology is always bind with this application',
  code: 400 }
[2018-10-28T09:05:06.362] [ERROR] default - Service Applications_technologies add { message: 'This technology is always bind with this application',
  code: 400 }
[2018-10-28T09:05:06.362] [ERROR] default - Controller Applications addTechnologies { message: 'This technology is always bind with this application',
  code: 400 }
[2018-10-28T09:05:06.362] [ERROR] default - Path Applications POST /applications/:id/technologies { message: 'This technology is always bind with this application',
  code: 400 }
[2018-10-28T09:05:07.006] [ERROR] default - Service Applications_technologies add { message: 'This technology is always bind with this application',
  code: 400 }
[2018-10-28T09:05:07.006] [ERROR] default - Controller Applications addTechnologies { message: 'This technology is always bind with this application',
  code: 400 }
[2018-10-28T09:05:07.006] [ERROR] default - Path Applications POST /applications/:id/technologies { message: 'This technology is always bind with this application',
  code: 400 }
[2018-10-28T09:05:07.532] [ERROR] default - Service Applications_technologies add { message: 'This technology is always bind with this application',
  code: 400 }
[2018-10-28T09:05:07.532] [ERROR] default - Controller Applications addTechnologies { message: 'This technology is always bind with this application',
  code: 400 }
[2018-10-28T09:05:07.532] [ERROR] default - Path Applications POST /applications/:id/technologies { message: 'This technology is always bind with this application',
  code: 400 }
[2018-10-28T09:05:07.928] [ERROR] default - Service Applications_technologies add { message: 'This technology is always bind with this application',
  code: 400 }
[2018-10-28T09:05:07.928] [ERROR] default - Controller Applications addTechnologies { message: 'This technology is always bind with this application',
  code: 400 }
[2018-10-28T09:05:07.928] [ERROR] default - Path Applications POST /applications/:id/technologies { message: 'This technology is always bind with this application',
  code: 400 }
[2018-10-28T09:05:10.368] [ERROR] default - Service Applications_technologies add { message: 'id_technologies not exists', code: 400 }
[2018-10-28T09:05:10.368] [ERROR] default - Controller Applications addTechnologies { message: 'id_technologies not exists', code: 400 }
[2018-10-28T09:05:10.368] [ERROR] default - Path Applications POST /applications/:id/technologies { message: 'id_technologies not exists', code: 400 }
[2018-10-28T09:05:24.021] [ERROR] default - Service Applications_technologies add { message: 'id_applications not exists', code: 400 }
[2018-10-28T09:05:24.021] [ERROR] default - Controller Applications addTechnologies { message: 'id_applications not exists', code: 400 }
[2018-10-28T09:05:24.022] [ERROR] default - Path Applications POST /applications/:id/technologies { message: 'id_applications not exists', code: 400 }
[2018-10-28T09:05:25.442] [ERROR] default - Service Applications_technologies add { message: 'id_applications not exists', code: 400 }
[2018-10-28T09:05:25.442] [ERROR] default - Controller Applications addTechnologies { message: 'id_applications not exists', code: 400 }
[2018-10-28T09:05:25.442] [ERROR] default - Path Applications POST /applications/:id/technologies { message: 'id_applications not exists', code: 400 }
[2018-10-28T09:05:28.636] [ERROR] default - Service Applications_technologies add { message: 'id_applications not exists', code: 400 }
[2018-10-28T09:05:28.636] [ERROR] default - Controller Applications addTechnologies { message: 'id_applications not exists', code: 400 }
[2018-10-28T09:05:28.636] [ERROR] default - Path Applications POST /applications/:id/technologies { message: 'id_applications not exists', code: 400 }
[2018-10-28T09:05:30.361] [ERROR] default - Repository Applications findById { error: invalid input syntax for integer: "a"
    at Connection.parseE (/Users/fabien/Documents/Cours/M2 - III/Web/M2_III_Web/back/node_modules/pg/lib/connection.js:553:11)
    at Connection.parseMessage (/Users/fabien/Documents/Cours/M2 - III/Web/M2_III_Web/back/node_modules/pg/lib/connection.js:378:19)
    at Socket.<anonymous> (/Users/fabien/Documents/Cours/M2 - III/Web/M2_III_Web/back/node_modules/pg/lib/connection.js:119:22)
    at Socket.emit (events.js:182:13)
    at addChunk (_stream_readable.js:283:12)
    at readableAddChunk (_stream_readable.js:264:11)
    at Socket.Readable.push (_stream_readable.js:219:10)
    at TCP.onStreamRead [as onread] (internal/stream_base_commons.js:94:17)
  name: 'error',
  length: 90,
  severity: 'ERROR',
  code: '22P02',
  detail: undefined,
  hint: undefined,
  position: undefined,
  internalPosition: undefined,
  internalQuery: undefined,
  where: undefined,
  schema: undefined,
  table: undefined,
  column: undefined,
  dataType: undefined,
  constraint: undefined,
  file: 'numutils.c',
  line: '62',
  routine: 'pg_atoi' }
[2018-10-28T09:05:30.362] [ERROR] default - Service Applications_technologies add { message: 'Internal DataBase Error', code: 500 }
[2018-10-28T09:05:30.362] [ERROR] default - Controller Applications addTechnologies { message: 'Internal DataBase Error', code: 500 }
[2018-10-28T09:05:30.362] [ERROR] default - Path Applications POST /applications/:id/technologies { message: 'Internal DataBase Error', code: 500 }
[2018-10-28T09:06:14.235] [ERROR] default - Service Applications_technologies add { message: 'id_applications is not number', code: 400 }
[2018-10-28T09:06:14.236] [ERROR] default - Controller Applications addTechnologies { message: 'id_applications is not number', code: 400 }
[2018-10-28T09:06:14.237] [ERROR] default - Path Applications POST /applications/:id/technologies { message: 'id_applications is not number', code: 400 }
